2024-03-25 00:49:06 INFO            _                _                      
2024-03-25 00:49:06 INFO           / \   ___ ___ ___| | ___ _ __ __ _ _   _ 
2024-03-25 00:49:06 INFO          / _ \ / __/ __/ _ \ |/ _ \ '__/ _` | | | |
2024-03-25 00:49:06 INFO         / ___ \ (_| (_|  __/ |  __/ | | (_| | |_| |
2024-03-25 00:49:06 INFO        /_/   \_\___\___\___|_|\___|_|  \__, |\__, |
2024-03-25 00:49:06 INFO                                        |___/ |___/ 
2024-03-25 00:49:06 INFO        generating outputs according to the following specified output flags... 
2024-03-25 00:49:06 INFO         Please use the -f flag to update the preference (default to all output files)
2024-03-25 00:49:06 INFO        {'ERT': 1, 'ERT_summary': 1, 'ART': 1, 'ART_summary': 1, 'energy_estimation': 1, 'flattened_arch': 1}
2024-03-25 00:49:06 INFO        Located config file at /root/.config/accelergy/accelergy_config.yaml.
2024-03-25 00:49:06 INFO        config file located:
2024-03-25 00:49:06 INFO        /root/.config/accelergy/accelergy_config.yaml
2024-03-25 00:49:06 INFO        Parsing file arch.yaml for architecture info
2024-03-25 00:49:06 WARNING     File arch.yaml is outdated. File version is 0.3, while the latest version is 0.4. 
2024-03-25 00:49:06 WARNING      Please update the file to the latest version.
2024-03-25 00:49:06 WARNING     Evaluation of "free_network" failed.
2024-03-25 00:49:06 WARNING     Failed to evaluate: free_network
2024-03-25 00:49:06 WARNING     Location: arch attribute "network_operand"
2024-03-25 00:49:06 WARNING     Problem encountered: NameError: Name 'free_network' is not defined.
2024-03-25 00:49:06 WARNING     Available bindings: 
2024-03-25 00:49:06 WARNING     	version = 0.3
2024-03-25 00:49:06 WARNING     	global_cycle_seconds = 1e-09
2024-03-25 00:49:06 WARNING     	technology = 40nm
2024-03-25 00:49:06 WARNING     	EMBEDDING = 768
2024-03-25 00:49:06 WARNING     	SEQ_LENGTH = 512
2024-03-25 00:49:06 WARNING     	HEADS = 12
2024-03-25 00:49:06 WARNING     	FF_DIM = 3072
2024-03-25 00:49:06 WARNING     	EMBEDDING//HEADS = 64
2024-03-25 00:49:06 WARNING     	EMBEDDING*3 = 2304
2024-03-25 00:49:06 WARNING     	action_latency_cycles = 1
2024-03-25 00:49:06 WARNING     	cycle_seconds = 1e-09
2024-03-25 00:49:06 WARNING     	n_instances = 1
2024-03-25 00:49:06 WARNING     	word-bits = 8
2024-03-25 00:49:06 WARNING     	meshX = 32
2024-03-25 00:49:06 WARNING     	meshY = 32
2024-03-25 00:49:06 WARNING     Failed to evaluate: free_network
2024-03-25 00:49:06 WARNING     Location: arch attribute "network_operand"
2024-03-25 00:49:06 WARNING     Problem encountered: NameError: Name 'free_network' is not defined.
2024-03-25 00:49:06 WARNING     Please ensure that the expression used is a valid Python expression.
2024-03-25 00:49:06 WARNING     The following may have been used in the expression:
2024-03-25 00:49:06 WARNING     	free_network = UNDEFINED
2024-03-25 00:49:06 WARNING     Strings are allowed here. If you meant to enter a string, please wrap the
2024-03-25 00:49:06 WARNING     expression in single or double quotes:
2024-03-25 00:49:06 WARNING         Found expression: free_network
2024-03-25 00:49:06 WARNING         Expression as valid string: "free_network"
2024-03-25 00:49:06 WARNING     Expression will be treated as a string. This will be deprecated in version
2024-03-25 00:49:06 WARNING     0.4. Please wrap quotes around the expression to specify a string.
2024-03-25 00:49:06 WARNING     Evaluation of "free_network" failed.
2024-03-25 00:49:06 WARNING     Failed to evaluate: free_network
2024-03-25 00:49:06 WARNING     Location: arch attribute "network_result"
2024-03-25 00:49:06 WARNING     Problem encountered: NameError: Name 'free_network' is not defined.
2024-03-25 00:49:06 WARNING     Available bindings: 
2024-03-25 00:49:06 WARNING     	version = 0.3
2024-03-25 00:49:06 WARNING     	global_cycle_seconds = 1e-09
2024-03-25 00:49:06 WARNING     	technology = 40nm
2024-03-25 00:49:06 WARNING     	EMBEDDING = 768
2024-03-25 00:49:06 WARNING     	SEQ_LENGTH = 512
2024-03-25 00:49:06 WARNING     	HEADS = 12
2024-03-25 00:49:06 WARNING     	FF_DIM = 3072
2024-03-25 00:49:06 WARNING     	EMBEDDING//HEADS = 64
2024-03-25 00:49:06 WARNING     	EMBEDDING*3 = 2304
2024-03-25 00:49:06 WARNING     	action_latency_cycles = 1
2024-03-25 00:49:06 WARNING     	cycle_seconds = 1e-09
2024-03-25 00:49:06 WARNING     	n_instances = 1
2024-03-25 00:49:06 WARNING     	word-bits = 8
2024-03-25 00:49:06 WARNING     	meshX = 32
2024-03-25 00:49:06 WARNING     	meshY = 32
2024-03-25 00:49:06 WARNING     	network_operand = free_network
2024-03-25 00:49:06 WARNING     Failed to evaluate: free_network
2024-03-25 00:49:06 WARNING     Location: arch attribute "network_result"
2024-03-25 00:49:06 WARNING     Problem encountered: NameError: Name 'free_network' is not defined.
2024-03-25 00:49:06 WARNING     Please ensure that the expression used is a valid Python expression.
2024-03-25 00:49:06 WARNING     The following may have been used in the expression:
2024-03-25 00:49:06 WARNING     	free_network = UNDEFINED
2024-03-25 00:49:06 WARNING     Strings are allowed here. If you meant to enter a string, please wrap the
2024-03-25 00:49:06 WARNING     expression in single or double quotes:
2024-03-25 00:49:06 WARNING         Found expression: free_network
2024-03-25 00:49:06 WARNING         Expression as valid string: "free_network"
2024-03-25 00:49:06 WARNING     Expression will be treated as a string. This will be deprecated in version
2024-03-25 00:49:06 WARNING     0.4. Please wrap quotes around the expression to specify a string.
2024-03-25 00:49:06 WARNING     Evaluation of "simple_network" failed.
2024-03-25 00:49:06 WARNING     Failed to evaluate: simple_network
2024-03-25 00:49:06 WARNING     Location: arch attribute "network_read"
2024-03-25 00:49:06 WARNING     Problem encountered: NameError: Name 'simple_network' is not defined.
2024-03-25 00:49:06 WARNING     Available bindings: 
2024-03-25 00:49:06 WARNING     	version = 0.3
2024-03-25 00:49:06 WARNING     	global_cycle_seconds = 1e-09
2024-03-25 00:49:06 WARNING     	technology = 40nm
2024-03-25 00:49:06 WARNING     	EMBEDDING = 768
2024-03-25 00:49:06 WARNING     	SEQ_LENGTH = 512
2024-03-25 00:49:06 WARNING     	HEADS = 12
2024-03-25 00:49:06 WARNING     	FF_DIM = 3072
2024-03-25 00:49:06 WARNING     	EMBEDDING//HEADS = 64
2024-03-25 00:49:06 WARNING     	EMBEDDING*3 = 2304
2024-03-25 00:49:06 WARNING     	action_latency_cycles = 1
2024-03-25 00:49:06 WARNING     	cycle_seconds = 1e-09
2024-03-25 00:49:06 WARNING     	n_instances = 1
2024-03-25 00:49:06 WARNING     	entries = 32
2024-03-25 00:49:06 WARNING     	depth = 1
2024-03-25 00:49:06 WARNING     	width = 256
2024-03-25 00:49:06 WARNING     	instances = 1
2024-03-25 00:49:06 WARNING     	word-bits = 8
2024-03-25 00:49:06 WARNING     	n_rdwr_ports = 1
2024-03-25 00:49:06 WARNING     	n_banks = 1
2024-03-25 00:49:06 WARNING     	block-size = 32
2024-03-25 00:49:06 WARNING     Failed to evaluate: simple_network
2024-03-25 00:49:06 WARNING     Location: arch attribute "network_read"
2024-03-25 00:49:06 WARNING     Problem encountered: NameError: Name 'simple_network' is not defined.
2024-03-25 00:49:06 WARNING     Please ensure that the expression used is a valid Python expression.
2024-03-25 00:49:06 WARNING     The following may have been used in the expression:
2024-03-25 00:49:06 WARNING     	simple_network = UNDEFINED
2024-03-25 00:49:06 WARNING     Strings are allowed here. If you meant to enter a string, please wrap the
2024-03-25 00:49:06 WARNING     expression in single or double quotes:
2024-03-25 00:49:06 WARNING         Found expression: simple_network
2024-03-25 00:49:06 WARNING         Expression as valid string: "simple_network"
2024-03-25 00:49:06 WARNING     Expression will be treated as a string. This will be deprecated in version
2024-03-25 00:49:06 WARNING     0.4. Please wrap quotes around the expression to specify a string.
2024-03-25 00:49:06 WARNING     Evaluation of "simple_network" failed.
2024-03-25 00:49:06 WARNING     Failed to evaluate: simple_network
2024-03-25 00:49:06 WARNING     Location: arch attribute "network_update"
2024-03-25 00:49:06 WARNING     Problem encountered: NameError: Name 'simple_network' is not defined.
2024-03-25 00:49:06 WARNING     Available bindings: 
2024-03-25 00:49:06 WARNING     	version = 0.3
2024-03-25 00:49:06 WARNING     	global_cycle_seconds = 1e-09
2024-03-25 00:49:06 WARNING     	technology = 40nm
2024-03-25 00:49:06 WARNING     	EMBEDDING = 768
2024-03-25 00:49:06 WARNING     	SEQ_LENGTH = 512
2024-03-25 00:49:06 WARNING     	HEADS = 12
2024-03-25 00:49:06 WARNING     	FF_DIM = 3072
2024-03-25 00:49:06 WARNING     	EMBEDDING//HEADS = 64
2024-03-25 00:49:06 WARNING     	EMBEDDING*3 = 2304
2024-03-25 00:49:06 WARNING     	action_latency_cycles = 1
2024-03-25 00:49:06 WARNING     	cycle_seconds = 1e-09
2024-03-25 00:49:06 WARNING     	n_instances = 1
2024-03-25 00:49:06 WARNING     	entries = 32
2024-03-25 00:49:06 WARNING     	depth = 1
2024-03-25 00:49:06 WARNING     	width = 256
2024-03-25 00:49:06 WARNING     	instances = 1
2024-03-25 00:49:06 WARNING     	word-bits = 8
2024-03-25 00:49:06 WARNING     	n_rdwr_ports = 1
2024-03-25 00:49:06 WARNING     	n_banks = 1
2024-03-25 00:49:06 WARNING     	block-size = 32
2024-03-25 00:49:06 WARNING     	network_read = simple_network
2024-03-25 00:49:06 WARNING     Failed to evaluate: simple_network
2024-03-25 00:49:06 WARNING     Location: arch attribute "network_update"
2024-03-25 00:49:06 WARNING     Problem encountered: NameError: Name 'simple_network' is not defined.
2024-03-25 00:49:06 WARNING     Please ensure that the expression used is a valid Python expression.
2024-03-25 00:49:06 WARNING     The following may have been used in the expression:
2024-03-25 00:49:06 WARNING     	simple_network = UNDEFINED
2024-03-25 00:49:06 WARNING     Strings are allowed here. If you meant to enter a string, please wrap the
2024-03-25 00:49:06 WARNING     expression in single or double quotes:
2024-03-25 00:49:06 WARNING         Found expression: simple_network
2024-03-25 00:49:06 WARNING         Expression as valid string: "simple_network"
2024-03-25 00:49:06 WARNING     Expression will be treated as a string. This will be deprecated in version
2024-03-25 00:49:06 WARNING     0.4. Please wrap quotes around the expression to specify a string.
2024-03-25 00:49:06 WARNING     Evaluation of "simple_network" failed.
2024-03-25 00:49:06 WARNING     Failed to evaluate: simple_network
2024-03-25 00:49:06 WARNING     Location: arch attribute "network_read"
2024-03-25 00:49:06 WARNING     Problem encountered: NameError: Name 'simple_network' is not defined.
2024-03-25 00:49:06 WARNING     Available bindings: 
2024-03-25 00:49:06 WARNING     	version = 0.3
2024-03-25 00:49:06 WARNING     	global_cycle_seconds = 1e-09
2024-03-25 00:49:06 WARNING     	technology = 40nm
2024-03-25 00:49:06 WARNING     	EMBEDDING = 768
2024-03-25 00:49:06 WARNING     	SEQ_LENGTH = 512
2024-03-25 00:49:06 WARNING     	HEADS = 12
2024-03-25 00:49:06 WARNING     	FF_DIM = 3072
2024-03-25 00:49:06 WARNING     	EMBEDDING//HEADS = 64
2024-03-25 00:49:06 WARNING     	EMBEDDING*3 = 2304
2024-03-25 00:49:06 WARNING     	action_latency_cycles = 1
2024-03-25 00:49:06 WARNING     	cycle_seconds = 1e-09
2024-03-25 00:49:06 WARNING     	n_instances = 1
2024-03-25 00:49:06 WARNING     	entries = 32
2024-03-25 00:49:06 WARNING     	depth = 1
2024-03-25 00:49:06 WARNING     	width = 256
2024-03-25 00:49:06 WARNING     	instances = 1
2024-03-25 00:49:06 WARNING     	word-bits = 8
2024-03-25 00:49:06 WARNING     	n_rdwr_ports = 1
2024-03-25 00:49:06 WARNING     	n_banks = 1
2024-03-25 00:49:06 WARNING     	block-size = 32
2024-03-25 00:49:06 WARNING     Failed to evaluate: simple_network
2024-03-25 00:49:06 WARNING     Location: arch attribute "network_read"
2024-03-25 00:49:06 WARNING     Problem encountered: NameError: Name 'simple_network' is not defined.
2024-03-25 00:49:06 WARNING     Please ensure that the expression used is a valid Python expression.
2024-03-25 00:49:06 WARNING     The following may have been used in the expression:
2024-03-25 00:49:06 WARNING     	simple_network = UNDEFINED
2024-03-25 00:49:06 WARNING     Strings are allowed here. If you meant to enter a string, please wrap the
2024-03-25 00:49:06 WARNING     expression in single or double quotes:
2024-03-25 00:49:06 WARNING         Found expression: simple_network
2024-03-25 00:49:06 WARNING         Expression as valid string: "simple_network"
2024-03-25 00:49:06 WARNING     Expression will be treated as a string. This will be deprecated in version
2024-03-25 00:49:06 WARNING     0.4. Please wrap quotes around the expression to specify a string.
2024-03-25 00:49:06 WARNING     Evaluation of "simple_network" failed.
2024-03-25 00:49:06 WARNING     Failed to evaluate: simple_network
2024-03-25 00:49:06 WARNING     Location: arch attribute "network_update"
2024-03-25 00:49:06 WARNING     Problem encountered: NameError: Name 'simple_network' is not defined.
2024-03-25 00:49:06 WARNING     Available bindings: 
2024-03-25 00:49:06 WARNING     	version = 0.3
2024-03-25 00:49:06 WARNING     	global_cycle_seconds = 1e-09
2024-03-25 00:49:06 WARNING     	technology = 40nm
2024-03-25 00:49:06 WARNING     	EMBEDDING = 768
2024-03-25 00:49:06 WARNING     	SEQ_LENGTH = 512
2024-03-25 00:49:06 WARNING     	HEADS = 12
2024-03-25 00:49:06 WARNING     	FF_DIM = 3072
2024-03-25 00:49:06 WARNING     	EMBEDDING//HEADS = 64
2024-03-25 00:49:06 WARNING     	EMBEDDING*3 = 2304
2024-03-25 00:49:06 WARNING     	action_latency_cycles = 1
2024-03-25 00:49:06 WARNING     	cycle_seconds = 1e-09
2024-03-25 00:49:06 WARNING     	n_instances = 1
2024-03-25 00:49:06 WARNING     	entries = 32
2024-03-25 00:49:06 WARNING     	depth = 1
2024-03-25 00:49:06 WARNING     	width = 256
2024-03-25 00:49:06 WARNING     	instances = 1
2024-03-25 00:49:06 WARNING     	word-bits = 8
2024-03-25 00:49:06 WARNING     	n_rdwr_ports = 1
2024-03-25 00:49:06 WARNING     	n_banks = 1
2024-03-25 00:49:06 WARNING     	block-size = 32
2024-03-25 00:49:06 WARNING     	network_read = simple_network
2024-03-25 00:49:06 WARNING     Failed to evaluate: simple_network
2024-03-25 00:49:06 WARNING     Location: arch attribute "network_update"
2024-03-25 00:49:06 WARNING     Problem encountered: NameError: Name 'simple_network' is not defined.
2024-03-25 00:49:06 WARNING     Please ensure that the expression used is a valid Python expression.
2024-03-25 00:49:06 WARNING     The following may have been used in the expression:
2024-03-25 00:49:06 WARNING     	simple_network = UNDEFINED
2024-03-25 00:49:06 WARNING     Strings are allowed here. If you meant to enter a string, please wrap the
2024-03-25 00:49:06 WARNING     expression in single or double quotes:
2024-03-25 00:49:06 WARNING         Found expression: simple_network
2024-03-25 00:49:06 WARNING         Expression as valid string: "simple_network"
2024-03-25 00:49:06 WARNING     Expression will be treated as a string. This will be deprecated in version
2024-03-25 00:49:06 WARNING     0.4. Please wrap quotes around the expression to specify a string.
2024-03-25 00:49:06 WARNING     Evaluation of "simple_network" failed.
2024-03-25 00:49:06 WARNING     Failed to evaluate: simple_network
2024-03-25 00:49:06 WARNING     Location: arch attribute "network_fill"
2024-03-25 00:49:06 WARNING     Problem encountered: NameError: Name 'simple_network' is not defined.
2024-03-25 00:49:06 WARNING     Available bindings: 
2024-03-25 00:49:06 WARNING     	version = 0.3
2024-03-25 00:49:06 WARNING     	global_cycle_seconds = 1e-09
2024-03-25 00:49:06 WARNING     	technology = 40nm
2024-03-25 00:49:06 WARNING     	EMBEDDING = 768
2024-03-25 00:49:06 WARNING     	SEQ_LENGTH = 512
2024-03-25 00:49:06 WARNING     	HEADS = 12
2024-03-25 00:49:06 WARNING     	FF_DIM = 3072
2024-03-25 00:49:06 WARNING     	EMBEDDING//HEADS = 64
2024-03-25 00:49:06 WARNING     	EMBEDDING*3 = 2304
2024-03-25 00:49:06 WARNING     	action_latency_cycles = 1
2024-03-25 00:49:06 WARNING     	cycle_seconds = 1e-09
2024-03-25 00:49:06 WARNING     	n_instances = 1
2024-03-25 00:49:06 WARNING     	entries = 32
2024-03-25 00:49:06 WARNING     	depth = 1
2024-03-25 00:49:06 WARNING     	width = 256
2024-03-25 00:49:06 WARNING     	instances = 1
2024-03-25 00:49:06 WARNING     	word-bits = 8
2024-03-25 00:49:06 WARNING     	n_rdwr_ports = 1
2024-03-25 00:49:06 WARNING     	n_banks = 1
2024-03-25 00:49:06 WARNING     	block-size = 32
2024-03-25 00:49:06 WARNING     	network_read = simple_network
2024-03-25 00:49:06 WARNING     	network_update = simple_network
2024-03-25 00:49:06 WARNING     Failed to evaluate: simple_network
2024-03-25 00:49:06 WARNING     Location: arch attribute "network_fill"
2024-03-25 00:49:06 WARNING     Problem encountered: NameError: Name 'simple_network' is not defined.
2024-03-25 00:49:06 WARNING     Please ensure that the expression used is a valid Python expression.
2024-03-25 00:49:06 WARNING     The following may have been used in the expression:
2024-03-25 00:49:06 WARNING     	simple_network = UNDEFINED
2024-03-25 00:49:06 WARNING     Strings are allowed here. If you meant to enter a string, please wrap the
2024-03-25 00:49:06 WARNING     expression in single or double quotes:
2024-03-25 00:49:06 WARNING         Found expression: simple_network
2024-03-25 00:49:06 WARNING         Expression as valid string: "simple_network"
2024-03-25 00:49:06 WARNING     Expression will be treated as a string. This will be deprecated in version
2024-03-25 00:49:06 WARNING     0.4. Please wrap quotes around the expression to specify a string.
2024-03-25 00:49:06 WARNING     Evaluation of "simple_network" failed.
2024-03-25 00:49:06 WARNING     Failed to evaluate: simple_network
2024-03-25 00:49:06 WARNING     Location: arch attribute "network_drain"
2024-03-25 00:49:06 WARNING     Problem encountered: NameError: Name 'simple_network' is not defined.
2024-03-25 00:49:06 WARNING     Available bindings: 
2024-03-25 00:49:06 WARNING     	version = 0.3
2024-03-25 00:49:06 WARNING     	global_cycle_seconds = 1e-09
2024-03-25 00:49:06 WARNING     	technology = 40nm
2024-03-25 00:49:06 WARNING     	EMBEDDING = 768
2024-03-25 00:49:06 WARNING     	SEQ_LENGTH = 512
2024-03-25 00:49:06 WARNING     	HEADS = 12
2024-03-25 00:49:06 WARNING     	FF_DIM = 3072
2024-03-25 00:49:06 WARNING     	EMBEDDING//HEADS = 64
2024-03-25 00:49:06 WARNING     	EMBEDDING*3 = 2304
2024-03-25 00:49:06 WARNING     	action_latency_cycles = 1
2024-03-25 00:49:06 WARNING     	cycle_seconds = 1e-09
2024-03-25 00:49:06 WARNING     	n_instances = 1
2024-03-25 00:49:06 WARNING     	entries = 32
2024-03-25 00:49:06 WARNING     	depth = 1
2024-03-25 00:49:06 WARNING     	width = 256
2024-03-25 00:49:06 WARNING     	instances = 1
2024-03-25 00:49:06 WARNING     	word-bits = 8
2024-03-25 00:49:06 WARNING     	n_rdwr_ports = 1
2024-03-25 00:49:06 WARNING     	n_banks = 1
2024-03-25 00:49:06 WARNING     	block-size = 32
2024-03-25 00:49:06 WARNING     	network_read = simple_network
2024-03-25 00:49:06 WARNING     	network_update = simple_network
2024-03-25 00:49:06 WARNING     	network_fill = simple_network
2024-03-25 00:49:06 WARNING     Failed to evaluate: simple_network
2024-03-25 00:49:06 WARNING     Location: arch attribute "network_drain"
2024-03-25 00:49:06 WARNING     Problem encountered: NameError: Name 'simple_network' is not defined.
2024-03-25 00:49:06 WARNING     Please ensure that the expression used is a valid Python expression.
2024-03-25 00:49:06 WARNING     The following may have been used in the expression:
2024-03-25 00:49:06 WARNING     	simple_network = UNDEFINED
2024-03-25 00:49:06 WARNING     Strings are allowed here. If you meant to enter a string, please wrap the
2024-03-25 00:49:06 WARNING     expression in single or double quotes:
2024-03-25 00:49:06 WARNING         Found expression: simple_network
2024-03-25 00:49:06 WARNING         Expression as valid string: "simple_network"
2024-03-25 00:49:06 WARNING     Expression will be treated as a string. This will be deprecated in version
2024-03-25 00:49:06 WARNING     0.4. Please wrap quotes around the expression to specify a string.
2024-03-25 00:49:06 WARNING     Evaluation of "free_network" failed.
2024-03-25 00:49:06 WARNING     Failed to evaluate: free_network
2024-03-25 00:49:06 WARNING     Location: arch attribute "network_read"
2024-03-25 00:49:06 WARNING     Problem encountered: NameError: Name 'free_network' is not defined.
2024-03-25 00:49:06 WARNING     Available bindings: 
2024-03-25 00:49:06 WARNING     	version = 0.3
2024-03-25 00:49:06 WARNING     	global_cycle_seconds = 1e-09
2024-03-25 00:49:06 WARNING     	technology = 40nm
2024-03-25 00:49:06 WARNING     	EMBEDDING = 768
2024-03-25 00:49:06 WARNING     	SEQ_LENGTH = 512
2024-03-25 00:49:06 WARNING     	HEADS = 12
2024-03-25 00:49:06 WARNING     	FF_DIM = 3072
2024-03-25 00:49:06 WARNING     	EMBEDDING//HEADS = 64
2024-03-25 00:49:06 WARNING     	EMBEDDING*3 = 2304
2024-03-25 00:49:06 WARNING     	action_latency_cycles = 1
2024-03-25 00:49:06 WARNING     	cycle_seconds = 1e-09
2024-03-25 00:49:06 WARNING     	n_instances = 1
2024-03-25 00:49:06 WARNING     	entries = 1024
2024-03-25 00:49:06 WARNING     	depth = 1024
2024-03-25 00:49:06 WARNING     	width = 8
2024-03-25 00:49:06 WARNING     	word-bits = 8
2024-03-25 00:49:06 WARNING     	instances = 1
2024-03-25 00:49:06 WARNING     	n_rdwr_ports = 1
2024-03-25 00:49:06 WARNING     	n_banks = 1
2024-03-25 00:49:06 WARNING     	block-size = 1
2024-03-25 00:49:06 WARNING     Failed to evaluate: free_network
2024-03-25 00:49:06 WARNING     Location: arch attribute "network_read"
2024-03-25 00:49:06 WARNING     Problem encountered: NameError: Name 'free_network' is not defined.
2024-03-25 00:49:06 WARNING     Please ensure that the expression used is a valid Python expression.
2024-03-25 00:49:06 WARNING     The following may have been used in the expression:
2024-03-25 00:49:06 WARNING     	free_network = UNDEFINED
2024-03-25 00:49:06 WARNING     Strings are allowed here. If you meant to enter a string, please wrap the
2024-03-25 00:49:06 WARNING     expression in single or double quotes:
2024-03-25 00:49:06 WARNING         Found expression: free_network
2024-03-25 00:49:06 WARNING         Expression as valid string: "free_network"
2024-03-25 00:49:06 WARNING     Expression will be treated as a string. This will be deprecated in version
2024-03-25 00:49:06 WARNING     0.4. Please wrap quotes around the expression to specify a string.
2024-03-25 00:49:06 WARNING     Evaluation of "free_network" failed.
2024-03-25 00:49:06 WARNING     Failed to evaluate: free_network
2024-03-25 00:49:06 WARNING     Location: arch attribute "network_update"
2024-03-25 00:49:06 WARNING     Problem encountered: NameError: Name 'free_network' is not defined.
2024-03-25 00:49:06 WARNING     Available bindings: 
2024-03-25 00:49:06 WARNING     	version = 0.3
2024-03-25 00:49:06 WARNING     	global_cycle_seconds = 1e-09
2024-03-25 00:49:06 WARNING     	technology = 40nm
2024-03-25 00:49:06 WARNING     	EMBEDDING = 768
2024-03-25 00:49:06 WARNING     	SEQ_LENGTH = 512
2024-03-25 00:49:06 WARNING     	HEADS = 12
2024-03-25 00:49:06 WARNING     	FF_DIM = 3072
2024-03-25 00:49:06 WARNING     	EMBEDDING//HEADS = 64
2024-03-25 00:49:06 WARNING     	EMBEDDING*3 = 2304
2024-03-25 00:49:06 WARNING     	action_latency_cycles = 1
2024-03-25 00:49:06 WARNING     	cycle_seconds = 1e-09
2024-03-25 00:49:06 WARNING     	n_instances = 1
2024-03-25 00:49:06 WARNING     	entries = 1024
2024-03-25 00:49:06 WARNING     	depth = 1024
2024-03-25 00:49:06 WARNING     	width = 8
2024-03-25 00:49:06 WARNING     	word-bits = 8
2024-03-25 00:49:06 WARNING     	instances = 1
2024-03-25 00:49:06 WARNING     	n_rdwr_ports = 1
2024-03-25 00:49:06 WARNING     	n_banks = 1
2024-03-25 00:49:06 WARNING     	block-size = 1
2024-03-25 00:49:06 WARNING     	network_read = free_network
2024-03-25 00:49:06 WARNING     Failed to evaluate: free_network
2024-03-25 00:49:06 WARNING     Location: arch attribute "network_update"
2024-03-25 00:49:06 WARNING     Problem encountered: NameError: Name 'free_network' is not defined.
2024-03-25 00:49:06 WARNING     Please ensure that the expression used is a valid Python expression.
2024-03-25 00:49:06 WARNING     The following may have been used in the expression:
2024-03-25 00:49:06 WARNING     	free_network = UNDEFINED
2024-03-25 00:49:06 WARNING     Strings are allowed here. If you meant to enter a string, please wrap the
2024-03-25 00:49:06 WARNING     expression in single or double quotes:
2024-03-25 00:49:06 WARNING         Found expression: free_network
2024-03-25 00:49:06 WARNING         Expression as valid string: "free_network"
2024-03-25 00:49:06 WARNING     Expression will be treated as a string. This will be deprecated in version
2024-03-25 00:49:06 WARNING     0.4. Please wrap quotes around the expression to specify a string.
2024-03-25 00:49:06 WARNING     Evaluation of "simple_network" failed.
2024-03-25 00:49:06 WARNING     Failed to evaluate: simple_network
2024-03-25 00:49:06 WARNING     Location: arch attribute "network_fill"
2024-03-25 00:49:06 WARNING     Problem encountered: NameError: Name 'simple_network' is not defined.
2024-03-25 00:49:06 WARNING     Available bindings: 
2024-03-25 00:49:06 WARNING     	version = 0.3
2024-03-25 00:49:06 WARNING     	global_cycle_seconds = 1e-09
2024-03-25 00:49:06 WARNING     	technology = 40nm
2024-03-25 00:49:06 WARNING     	EMBEDDING = 768
2024-03-25 00:49:06 WARNING     	SEQ_LENGTH = 512
2024-03-25 00:49:06 WARNING     	HEADS = 12
2024-03-25 00:49:06 WARNING     	FF_DIM = 3072
2024-03-25 00:49:06 WARNING     	EMBEDDING//HEADS = 64
2024-03-25 00:49:06 WARNING     	EMBEDDING*3 = 2304
2024-03-25 00:49:06 WARNING     	action_latency_cycles = 1
2024-03-25 00:49:06 WARNING     	cycle_seconds = 1e-09
2024-03-25 00:49:06 WARNING     	n_instances = 1
2024-03-25 00:49:06 WARNING     	entries = 1024
2024-03-25 00:49:06 WARNING     	depth = 1024
2024-03-25 00:49:06 WARNING     	width = 8
2024-03-25 00:49:06 WARNING     	word-bits = 8
2024-03-25 00:49:06 WARNING     	instances = 1
2024-03-25 00:49:06 WARNING     	n_rdwr_ports = 1
2024-03-25 00:49:06 WARNING     	n_banks = 1
2024-03-25 00:49:06 WARNING     	block-size = 1
2024-03-25 00:49:06 WARNING     	network_read = free_network
2024-03-25 00:49:06 WARNING     	network_update = free_network
2024-03-25 00:49:06 WARNING     Failed to evaluate: simple_network
2024-03-25 00:49:06 WARNING     Location: arch attribute "network_fill"
2024-03-25 00:49:06 WARNING     Problem encountered: NameError: Name 'simple_network' is not defined.
2024-03-25 00:49:06 WARNING     Please ensure that the expression used is a valid Python expression.
2024-03-25 00:49:06 WARNING     The following may have been used in the expression:
2024-03-25 00:49:06 WARNING     	simple_network = UNDEFINED
2024-03-25 00:49:06 WARNING     Strings are allowed here. If you meant to enter a string, please wrap the
2024-03-25 00:49:06 WARNING     expression in single or double quotes:
2024-03-25 00:49:06 WARNING         Found expression: simple_network
2024-03-25 00:49:06 WARNING         Expression as valid string: "simple_network"
2024-03-25 00:49:06 WARNING     Expression will be treated as a string. This will be deprecated in version
2024-03-25 00:49:06 WARNING     0.4. Please wrap quotes around the expression to specify a string.
2024-03-25 00:49:06 WARNING     Evaluation of "simple_network" failed.
2024-03-25 00:49:06 WARNING     Failed to evaluate: simple_network
2024-03-25 00:49:06 WARNING     Location: arch attribute "network_drain"
2024-03-25 00:49:06 WARNING     Problem encountered: NameError: Name 'simple_network' is not defined.
2024-03-25 00:49:06 WARNING     Available bindings: 
2024-03-25 00:49:06 WARNING     	version = 0.3
2024-03-25 00:49:06 WARNING     	global_cycle_seconds = 1e-09
2024-03-25 00:49:06 WARNING     	technology = 40nm
2024-03-25 00:49:06 WARNING     	EMBEDDING = 768
2024-03-25 00:49:06 WARNING     	SEQ_LENGTH = 512
2024-03-25 00:49:06 WARNING     	HEADS = 12
2024-03-25 00:49:06 WARNING     	FF_DIM = 3072
2024-03-25 00:49:06 WARNING     	EMBEDDING//HEADS = 64
2024-03-25 00:49:06 WARNING     	EMBEDDING*3 = 2304
2024-03-25 00:49:06 WARNING     	action_latency_cycles = 1
2024-03-25 00:49:06 WARNING     	cycle_seconds = 1e-09
2024-03-25 00:49:06 WARNING     	n_instances = 1
2024-03-25 00:49:06 WARNING     	entries = 1024
2024-03-25 00:49:06 WARNING     	depth = 1024
2024-03-25 00:49:06 WARNING     	width = 8
2024-03-25 00:49:06 WARNING     	word-bits = 8
2024-03-25 00:49:06 WARNING     	instances = 1
2024-03-25 00:49:06 WARNING     	n_rdwr_ports = 1
2024-03-25 00:49:06 WARNING     	n_banks = 1
2024-03-25 00:49:06 WARNING     	block-size = 1
2024-03-25 00:49:06 WARNING     	network_read = free_network
2024-03-25 00:49:06 WARNING     	network_update = free_network
2024-03-25 00:49:06 WARNING     	network_fill = simple_network
2024-03-25 00:49:06 WARNING     Failed to evaluate: simple_network
2024-03-25 00:49:06 WARNING     Location: arch attribute "network_drain"
2024-03-25 00:49:06 WARNING     Problem encountered: NameError: Name 'simple_network' is not defined.
2024-03-25 00:49:06 WARNING     Please ensure that the expression used is a valid Python expression.
2024-03-25 00:49:06 WARNING     The following may have been used in the expression:
2024-03-25 00:49:06 WARNING     	simple_network = UNDEFINED
2024-03-25 00:49:06 WARNING     Strings are allowed here. If you meant to enter a string, please wrap the
2024-03-25 00:49:06 WARNING     expression in single or double quotes:
2024-03-25 00:49:06 WARNING         Found expression: simple_network
2024-03-25 00:49:06 WARNING         Expression as valid string: "simple_network"
2024-03-25 00:49:06 WARNING     Expression will be treated as a string. This will be deprecated in version
2024-03-25 00:49:06 WARNING     0.4. Please wrap quotes around the expression to specify a string.
2024-03-25 00:49:06 WARNING     Evaluation of "1:N" failed.
2024-03-25 00:49:06 WARNING     Failed to evaluate: 1:N
2024-03-25 00:49:06 WARNING     Location: arch attribute "network_type"
2024-03-25 00:49:06 WARNING     Problem encountered: SyntaxError: invalid syntax (<string>, line 1)
2024-03-25 00:49:06 WARNING     Available bindings: 
2024-03-25 00:49:06 WARNING     	version = 0.3
2024-03-25 00:49:06 WARNING     	global_cycle_seconds = 1e-09
2024-03-25 00:49:06 WARNING     	technology = 40nm
2024-03-25 00:49:06 WARNING     	EMBEDDING = 768
2024-03-25 00:49:06 WARNING     	SEQ_LENGTH = 512
2024-03-25 00:49:06 WARNING     	HEADS = 12
2024-03-25 00:49:06 WARNING     	FF_DIM = 3072
2024-03-25 00:49:06 WARNING     	EMBEDDING//HEADS = 64
2024-03-25 00:49:06 WARNING     	EMBEDDING*3 = 2304
2024-03-25 00:49:06 WARNING     	action_latency_cycles = 1
2024-03-25 00:49:06 WARNING     	cycle_seconds = 1e-09
2024-03-25 00:49:06 WARNING     	n_instances = 1
2024-03-25 00:49:06 WARNING     Failed to evaluate: 1:N
2024-03-25 00:49:06 WARNING     Location: arch attribute "network_type"
2024-03-25 00:49:06 WARNING     Problem encountered: SyntaxError: invalid syntax (<string>, line 1)
2024-03-25 00:49:06 WARNING     Please ensure that the expression used is a valid Python expression.
2024-03-25 00:49:06 WARNING     The following may have been used in the expression:
2024-03-25 00:49:06 WARNING     	N = UNDEFINED
2024-03-25 00:49:06 WARNING     Strings are allowed here. If you meant to enter a string, please wrap the
2024-03-25 00:49:06 WARNING     expression in single or double quotes:
2024-03-25 00:49:06 WARNING         Found expression: 1:N
2024-03-25 00:49:06 WARNING         Expression as valid string: "1:N"
2024-03-25 00:49:06 WARNING     Expression will be treated as a string. This will be deprecated in version
2024-03-25 00:49:06 WARNING     0.4. Please wrap quotes around the expression to specify a string.
2024-03-25 00:49:06 WARNING     Evaluation of "1:1" failed.
2024-03-25 00:49:06 WARNING     Failed to evaluate: 1:1
2024-03-25 00:49:06 WARNING     Location: arch attribute "network_type"
2024-03-25 00:49:06 WARNING     Problem encountered: SyntaxError: invalid syntax (<string>, line 1)
2024-03-25 00:49:06 WARNING     Available bindings: 
2024-03-25 00:49:06 WARNING     	version = 0.3
2024-03-25 00:49:06 WARNING     	global_cycle_seconds = 1e-09
2024-03-25 00:49:06 WARNING     	technology = 40nm
2024-03-25 00:49:06 WARNING     	EMBEDDING = 768
2024-03-25 00:49:06 WARNING     	SEQ_LENGTH = 512
2024-03-25 00:49:06 WARNING     	HEADS = 12
2024-03-25 00:49:06 WARNING     	FF_DIM = 3072
2024-03-25 00:49:06 WARNING     	EMBEDDING//HEADS = 64
2024-03-25 00:49:06 WARNING     	EMBEDDING*3 = 2304
2024-03-25 00:49:06 WARNING     	action_latency_cycles = 1
2024-03-25 00:49:06 WARNING     	cycle_seconds = 1e-09
2024-03-25 00:49:06 WARNING     	n_instances = 1
2024-03-25 00:49:06 WARNING     Failed to evaluate: 1:1
2024-03-25 00:49:06 WARNING     Location: arch attribute "network_type"
2024-03-25 00:49:06 WARNING     Problem encountered: SyntaxError: invalid syntax (<string>, line 1)
2024-03-25 00:49:06 WARNING     Please ensure that the expression used is a valid Python expression.
2024-03-25 00:49:06 WARNING     Strings are allowed here. If you meant to enter a string, please wrap the
2024-03-25 00:49:06 WARNING     expression in single or double quotes:
2024-03-25 00:49:06 WARNING         Found expression: 1:1
2024-03-25 00:49:06 WARNING         Expression as valid string: "1:1"
2024-03-25 00:49:06 WARNING     Expression will be treated as a string. This will be deprecated in version
2024-03-25 00:49:06 WARNING     0.4. Please wrap quotes around the expression to specify a string.
2024-03-25 00:49:06 INFO        primitive component file parsed: 
2024-03-25 00:49:06 INFO        /usr/local/share/accelergy/primitive_component_libs/soc_primitives.lib.yaml
2024-03-25 00:49:06 INFO        primitive component file parsed: 
2024-03-25 00:49:06 INFO        /usr/local/share/accelergy/primitive_component_libs/pim_primitive_component.lib.yaml
2024-03-25 00:49:06 INFO        primitive component file parsed: 
2024-03-25 00:49:06 INFO        /usr/local/share/accelergy/primitive_component_libs/neurosim_components.lib.yaml
2024-03-25 00:49:06 WARNING     intadder redefined in /usr/local/share/accelergy/primitive_component_libs/primitive_component.lib.yaml
2024-03-25 00:49:06 INFO        primitive component file parsed: 
2024-03-25 00:49:06 INFO        /usr/local/share/accelergy/primitive_component_libs/primitive_component.lib.yaml
2024-03-25 00:49:06 WARNING     No compound component classes specified, architecture can only contain primitive components
2024-03-25 00:49:06 WARNING     Evaluation of "free_network" failed.
2024-03-25 00:49:06 WARNING     Failed to evaluate: free_network
2024-03-25 00:49:06 WARNING     Location: Architecture class intmac attributes"network_operand"
2024-03-25 00:49:06 WARNING     Problem encountered: NameError: Name 'free_network' is not defined.
2024-03-25 00:49:06 WARNING     Available bindings: 
2024-03-25 00:49:06 WARNING     	word-bits = 8
2024-03-25 00:49:06 WARNING     	meshX = 32
2024-03-25 00:49:06 WARNING     	meshY = 32
2024-03-25 00:49:06 WARNING     Failed to evaluate: free_network
2024-03-25 00:49:06 WARNING     Location: Architecture class intmac attributes"network_operand"
2024-03-25 00:49:06 WARNING     Problem encountered: NameError: Name 'free_network' is not defined.
2024-03-25 00:49:06 WARNING     Please ensure that the expression used is a valid Python expression.
2024-03-25 00:49:06 WARNING     The following may have been used in the expression:
2024-03-25 00:49:06 WARNING     	free_network = UNDEFINED
2024-03-25 00:49:06 WARNING     Strings are allowed here. If you meant to enter a string, please wrap the
2024-03-25 00:49:06 WARNING     expression in single or double quotes:
2024-03-25 00:49:06 WARNING         Found expression: free_network
2024-03-25 00:49:06 WARNING         Expression as valid string: "free_network"
2024-03-25 00:49:06 WARNING     Expression will be treated as a string. This will be deprecated in version
2024-03-25 00:49:06 WARNING     0.4. Please wrap quotes around the expression to specify a string.
2024-03-25 00:49:06 WARNING     Evaluation of "free_network" failed.
2024-03-25 00:49:06 WARNING     Failed to evaluate: free_network
2024-03-25 00:49:06 WARNING     Location: Architecture class intmac attributes"network_result"
2024-03-25 00:49:06 WARNING     Problem encountered: NameError: Name 'free_network' is not defined.
2024-03-25 00:49:06 WARNING     Available bindings: 
2024-03-25 00:49:06 WARNING     	word-bits = 8
2024-03-25 00:49:06 WARNING     	meshX = 32
2024-03-25 00:49:06 WARNING     	meshY = 32
2024-03-25 00:49:06 WARNING     	network_operand = free_network
2024-03-25 00:49:06 WARNING     Failed to evaluate: free_network
2024-03-25 00:49:06 WARNING     Location: Architecture class intmac attributes"network_result"
2024-03-25 00:49:06 WARNING     Problem encountered: NameError: Name 'free_network' is not defined.
2024-03-25 00:49:06 WARNING     Please ensure that the expression used is a valid Python expression.
2024-03-25 00:49:06 WARNING     The following may have been used in the expression:
2024-03-25 00:49:06 WARNING     	free_network = UNDEFINED
2024-03-25 00:49:06 WARNING     Strings are allowed here. If you meant to enter a string, please wrap the
2024-03-25 00:49:06 WARNING     expression in single or double quotes:
2024-03-25 00:49:06 WARNING         Found expression: free_network
2024-03-25 00:49:06 WARNING         Expression as valid string: "free_network"
2024-03-25 00:49:06 WARNING     Expression will be treated as a string. This will be deprecated in version
2024-03-25 00:49:06 WARNING     0.4. Please wrap quotes around the expression to specify a string.
2024-03-25 00:49:06 WARNING     Evaluation of "simple_network" failed.
2024-03-25 00:49:06 WARNING     Failed to evaluate: simple_network
2024-03-25 00:49:06 WARNING     Location: Architecture class SRAM attributes"network_read"
2024-03-25 00:49:06 WARNING     Problem encountered: NameError: Name 'simple_network' is not defined.
2024-03-25 00:49:06 WARNING     Available bindings: 
2024-03-25 00:49:06 WARNING     	entries = 32
2024-03-25 00:49:06 WARNING     	depth = 1
2024-03-25 00:49:06 WARNING     	width = 256
2024-03-25 00:49:06 WARNING     	instances = 1
2024-03-25 00:49:06 WARNING     	word-bits = 8
2024-03-25 00:49:06 WARNING     	n_rdwr_ports = 1
2024-03-25 00:49:06 WARNING     	n_banks = 1
2024-03-25 00:49:06 WARNING     	block-size = 32
2024-03-25 00:49:06 WARNING     Failed to evaluate: simple_network
2024-03-25 00:49:06 WARNING     Location: Architecture class SRAM attributes"network_read"
2024-03-25 00:49:06 WARNING     Problem encountered: NameError: Name 'simple_network' is not defined.
2024-03-25 00:49:06 WARNING     Please ensure that the expression used is a valid Python expression.
2024-03-25 00:49:06 WARNING     The following may have been used in the expression:
2024-03-25 00:49:06 WARNING     	simple_network = UNDEFINED
2024-03-25 00:49:06 WARNING     Strings are allowed here. If you meant to enter a string, please wrap the
2024-03-25 00:49:06 WARNING     expression in single or double quotes:
2024-03-25 00:49:06 WARNING         Found expression: simple_network
2024-03-25 00:49:06 WARNING         Expression as valid string: "simple_network"
2024-03-25 00:49:06 WARNING     Expression will be treated as a string. This will be deprecated in version
2024-03-25 00:49:06 WARNING     0.4. Please wrap quotes around the expression to specify a string.
2024-03-25 00:49:06 WARNING     Evaluation of "simple_network" failed.
2024-03-25 00:49:06 WARNING     Failed to evaluate: simple_network
2024-03-25 00:49:06 WARNING     Location: Architecture class SRAM attributes"network_update"
2024-03-25 00:49:06 WARNING     Problem encountered: NameError: Name 'simple_network' is not defined.
2024-03-25 00:49:06 WARNING     Available bindings: 
2024-03-25 00:49:06 WARNING     	entries = 32
2024-03-25 00:49:06 WARNING     	depth = 1
2024-03-25 00:49:06 WARNING     	width = 256
2024-03-25 00:49:06 WARNING     	instances = 1
2024-03-25 00:49:06 WARNING     	word-bits = 8
2024-03-25 00:49:06 WARNING     	n_rdwr_ports = 1
2024-03-25 00:49:06 WARNING     	n_banks = 1
2024-03-25 00:49:06 WARNING     	block-size = 32
2024-03-25 00:49:06 WARNING     	network_read = simple_network
2024-03-25 00:49:06 WARNING     Failed to evaluate: simple_network
2024-03-25 00:49:06 WARNING     Location: Architecture class SRAM attributes"network_update"
2024-03-25 00:49:06 WARNING     Problem encountered: NameError: Name 'simple_network' is not defined.
2024-03-25 00:49:06 WARNING     Please ensure that the expression used is a valid Python expression.
2024-03-25 00:49:06 WARNING     The following may have been used in the expression:
2024-03-25 00:49:06 WARNING     	simple_network = UNDEFINED
2024-03-25 00:49:06 WARNING     Strings are allowed here. If you meant to enter a string, please wrap the
2024-03-25 00:49:06 WARNING     expression in single or double quotes:
2024-03-25 00:49:06 WARNING         Found expression: simple_network
2024-03-25 00:49:06 WARNING         Expression as valid string: "simple_network"
2024-03-25 00:49:06 WARNING     Expression will be treated as a string. This will be deprecated in version
2024-03-25 00:49:06 WARNING     0.4. Please wrap quotes around the expression to specify a string.
2024-03-25 00:49:06 WARNING     Evaluation of "simple_network" failed.
2024-03-25 00:49:06 WARNING     Failed to evaluate: simple_network
2024-03-25 00:49:06 WARNING     Location: Architecture class SRAM attributes"network_read"
2024-03-25 00:49:06 WARNING     Problem encountered: NameError: Name 'simple_network' is not defined.
2024-03-25 00:49:06 WARNING     Available bindings: 
2024-03-25 00:49:06 WARNING     	entries = 32
2024-03-25 00:49:06 WARNING     	depth = 1
2024-03-25 00:49:06 WARNING     	width = 256
2024-03-25 00:49:06 WARNING     	instances = 1
2024-03-25 00:49:06 WARNING     	word-bits = 8
2024-03-25 00:49:06 WARNING     	n_rdwr_ports = 1
2024-03-25 00:49:06 WARNING     	n_banks = 1
2024-03-25 00:49:06 WARNING     	block-size = 32
2024-03-25 00:49:06 WARNING     Failed to evaluate: simple_network
2024-03-25 00:49:06 WARNING     Location: Architecture class SRAM attributes"network_read"
2024-03-25 00:49:06 WARNING     Problem encountered: NameError: Name 'simple_network' is not defined.
2024-03-25 00:49:06 WARNING     Please ensure that the expression used is a valid Python expression.
2024-03-25 00:49:06 WARNING     The following may have been used in the expression:
2024-03-25 00:49:06 WARNING     	simple_network = UNDEFINED
2024-03-25 00:49:06 WARNING     Strings are allowed here. If you meant to enter a string, please wrap the
2024-03-25 00:49:06 WARNING     expression in single or double quotes:
2024-03-25 00:49:06 WARNING         Found expression: simple_network
2024-03-25 00:49:06 WARNING         Expression as valid string: "simple_network"
2024-03-25 00:49:06 WARNING     Expression will be treated as a string. This will be deprecated in version
2024-03-25 00:49:06 WARNING     0.4. Please wrap quotes around the expression to specify a string.
2024-03-25 00:49:06 WARNING     Evaluation of "simple_network" failed.
2024-03-25 00:49:06 WARNING     Failed to evaluate: simple_network
2024-03-25 00:49:06 WARNING     Location: Architecture class SRAM attributes"network_update"
2024-03-25 00:49:06 WARNING     Problem encountered: NameError: Name 'simple_network' is not defined.
2024-03-25 00:49:06 WARNING     Available bindings: 
2024-03-25 00:49:06 WARNING     	entries = 32
2024-03-25 00:49:06 WARNING     	depth = 1
2024-03-25 00:49:06 WARNING     	width = 256
2024-03-25 00:49:06 WARNING     	instances = 1
2024-03-25 00:49:06 WARNING     	word-bits = 8
2024-03-25 00:49:06 WARNING     	n_rdwr_ports = 1
2024-03-25 00:49:06 WARNING     	n_banks = 1
2024-03-25 00:49:06 WARNING     	block-size = 32
2024-03-25 00:49:06 WARNING     	network_read = simple_network
2024-03-25 00:49:06 WARNING     Failed to evaluate: simple_network
2024-03-25 00:49:06 WARNING     Location: Architecture class SRAM attributes"network_update"
2024-03-25 00:49:06 WARNING     Problem encountered: NameError: Name 'simple_network' is not defined.
2024-03-25 00:49:06 WARNING     Please ensure that the expression used is a valid Python expression.
2024-03-25 00:49:06 WARNING     The following may have been used in the expression:
2024-03-25 00:49:06 WARNING     	simple_network = UNDEFINED
2024-03-25 00:49:06 WARNING     Strings are allowed here. If you meant to enter a string, please wrap the
2024-03-25 00:49:06 WARNING     expression in single or double quotes:
2024-03-25 00:49:06 WARNING         Found expression: simple_network
2024-03-25 00:49:06 WARNING         Expression as valid string: "simple_network"
2024-03-25 00:49:06 WARNING     Expression will be treated as a string. This will be deprecated in version
2024-03-25 00:49:06 WARNING     0.4. Please wrap quotes around the expression to specify a string.
2024-03-25 00:49:06 WARNING     Evaluation of "simple_network" failed.
2024-03-25 00:49:06 WARNING     Failed to evaluate: simple_network
2024-03-25 00:49:06 WARNING     Location: Architecture class SRAM attributes"network_fill"
2024-03-25 00:49:06 WARNING     Problem encountered: NameError: Name 'simple_network' is not defined.
2024-03-25 00:49:06 WARNING     Available bindings: 
2024-03-25 00:49:06 WARNING     	entries = 32
2024-03-25 00:49:06 WARNING     	depth = 1
2024-03-25 00:49:06 WARNING     	width = 256
2024-03-25 00:49:06 WARNING     	instances = 1
2024-03-25 00:49:06 WARNING     	word-bits = 8
2024-03-25 00:49:06 WARNING     	n_rdwr_ports = 1
2024-03-25 00:49:06 WARNING     	n_banks = 1
2024-03-25 00:49:06 WARNING     	block-size = 32
2024-03-25 00:49:06 WARNING     	network_read = simple_network
2024-03-25 00:49:06 WARNING     	network_update = simple_network
2024-03-25 00:49:06 WARNING     Failed to evaluate: simple_network
2024-03-25 00:49:06 WARNING     Location: Architecture class SRAM attributes"network_fill"
2024-03-25 00:49:06 WARNING     Problem encountered: NameError: Name 'simple_network' is not defined.
2024-03-25 00:49:06 WARNING     Please ensure that the expression used is a valid Python expression.
2024-03-25 00:49:06 WARNING     The following may have been used in the expression:
2024-03-25 00:49:06 WARNING     	simple_network = UNDEFINED
2024-03-25 00:49:06 WARNING     Strings are allowed here. If you meant to enter a string, please wrap the
2024-03-25 00:49:06 WARNING     expression in single or double quotes:
2024-03-25 00:49:06 WARNING         Found expression: simple_network
2024-03-25 00:49:06 WARNING         Expression as valid string: "simple_network"
2024-03-25 00:49:06 WARNING     Expression will be treated as a string. This will be deprecated in version
2024-03-25 00:49:06 WARNING     0.4. Please wrap quotes around the expression to specify a string.
2024-03-25 00:49:06 WARNING     Evaluation of "simple_network" failed.
2024-03-25 00:49:06 WARNING     Failed to evaluate: simple_network
2024-03-25 00:49:06 WARNING     Location: Architecture class SRAM attributes"network_drain"
2024-03-25 00:49:06 WARNING     Problem encountered: NameError: Name 'simple_network' is not defined.
2024-03-25 00:49:06 WARNING     Available bindings: 
2024-03-25 00:49:06 WARNING     	entries = 32
2024-03-25 00:49:06 WARNING     	depth = 1
2024-03-25 00:49:06 WARNING     	width = 256
2024-03-25 00:49:06 WARNING     	instances = 1
2024-03-25 00:49:06 WARNING     	word-bits = 8
2024-03-25 00:49:06 WARNING     	n_rdwr_ports = 1
2024-03-25 00:49:06 WARNING     	n_banks = 1
2024-03-25 00:49:06 WARNING     	block-size = 32
2024-03-25 00:49:06 WARNING     	network_read = simple_network
2024-03-25 00:49:06 WARNING     	network_update = simple_network
2024-03-25 00:49:06 WARNING     	network_fill = simple_network
2024-03-25 00:49:06 WARNING     Failed to evaluate: simple_network
2024-03-25 00:49:06 WARNING     Location: Architecture class SRAM attributes"network_drain"
2024-03-25 00:49:06 WARNING     Problem encountered: NameError: Name 'simple_network' is not defined.
2024-03-25 00:49:06 WARNING     Please ensure that the expression used is a valid Python expression.
2024-03-25 00:49:06 WARNING     The following may have been used in the expression:
2024-03-25 00:49:06 WARNING     	simple_network = UNDEFINED
2024-03-25 00:49:06 WARNING     Strings are allowed here. If you meant to enter a string, please wrap the
2024-03-25 00:49:06 WARNING     expression in single or double quotes:
2024-03-25 00:49:06 WARNING         Found expression: simple_network
2024-03-25 00:49:06 WARNING         Expression as valid string: "simple_network"
2024-03-25 00:49:06 WARNING     Expression will be treated as a string. This will be deprecated in version
2024-03-25 00:49:06 WARNING     0.4. Please wrap quotes around the expression to specify a string.
2024-03-25 00:49:06 WARNING     Evaluation of "free_network" failed.
2024-03-25 00:49:06 WARNING     Failed to evaluate: free_network
2024-03-25 00:49:06 WARNING     Location: Architecture class SRAM attributes"network_read"
2024-03-25 00:49:06 WARNING     Problem encountered: NameError: Name 'free_network' is not defined.
2024-03-25 00:49:06 WARNING     Available bindings: 
2024-03-25 00:49:06 WARNING     	entries = 1024
2024-03-25 00:49:06 WARNING     	depth = 1024
2024-03-25 00:49:06 WARNING     	width = 8
2024-03-25 00:49:06 WARNING     	word-bits = 8
2024-03-25 00:49:06 WARNING     	instances = 1
2024-03-25 00:49:06 WARNING     	n_rdwr_ports = 1
2024-03-25 00:49:06 WARNING     	n_banks = 1
2024-03-25 00:49:06 WARNING     	block-size = 1
2024-03-25 00:49:06 WARNING     Failed to evaluate: free_network
2024-03-25 00:49:06 WARNING     Location: Architecture class SRAM attributes"network_read"
2024-03-25 00:49:06 WARNING     Problem encountered: NameError: Name 'free_network' is not defined.
2024-03-25 00:49:06 WARNING     Please ensure that the expression used is a valid Python expression.
2024-03-25 00:49:06 WARNING     The following may have been used in the expression:
2024-03-25 00:49:06 WARNING     	free_network = UNDEFINED
2024-03-25 00:49:06 WARNING     Strings are allowed here. If you meant to enter a string, please wrap the
2024-03-25 00:49:06 WARNING     expression in single or double quotes:
2024-03-25 00:49:06 WARNING         Found expression: free_network
2024-03-25 00:49:06 WARNING         Expression as valid string: "free_network"
2024-03-25 00:49:06 WARNING     Expression will be treated as a string. This will be deprecated in version
2024-03-25 00:49:06 WARNING     0.4. Please wrap quotes around the expression to specify a string.
2024-03-25 00:49:06 WARNING     Evaluation of "free_network" failed.
2024-03-25 00:49:06 WARNING     Failed to evaluate: free_network
2024-03-25 00:49:06 WARNING     Location: Architecture class SRAM attributes"network_update"
2024-03-25 00:49:06 WARNING     Problem encountered: NameError: Name 'free_network' is not defined.
2024-03-25 00:49:06 WARNING     Available bindings: 
2024-03-25 00:49:06 WARNING     	entries = 1024
2024-03-25 00:49:06 WARNING     	depth = 1024
2024-03-25 00:49:06 WARNING     	width = 8
2024-03-25 00:49:06 WARNING     	word-bits = 8
2024-03-25 00:49:06 WARNING     	instances = 1
2024-03-25 00:49:06 WARNING     	n_rdwr_ports = 1
2024-03-25 00:49:06 WARNING     	n_banks = 1
2024-03-25 00:49:06 WARNING     	block-size = 1
2024-03-25 00:49:06 WARNING     	network_read = free_network
2024-03-25 00:49:06 WARNING     Failed to evaluate: free_network
2024-03-25 00:49:06 WARNING     Location: Architecture class SRAM attributes"network_update"
2024-03-25 00:49:06 WARNING     Problem encountered: NameError: Name 'free_network' is not defined.
2024-03-25 00:49:06 WARNING     Please ensure that the expression used is a valid Python expression.
2024-03-25 00:49:06 WARNING     The following may have been used in the expression:
2024-03-25 00:49:06 WARNING     	free_network = UNDEFINED
2024-03-25 00:49:06 WARNING     Strings are allowed here. If you meant to enter a string, please wrap the
2024-03-25 00:49:06 WARNING     expression in single or double quotes:
2024-03-25 00:49:06 WARNING         Found expression: free_network
2024-03-25 00:49:06 WARNING         Expression as valid string: "free_network"
2024-03-25 00:49:06 WARNING     Expression will be treated as a string. This will be deprecated in version
2024-03-25 00:49:06 WARNING     0.4. Please wrap quotes around the expression to specify a string.
2024-03-25 00:49:06 WARNING     Evaluation of "simple_network" failed.
2024-03-25 00:49:06 WARNING     Failed to evaluate: simple_network
2024-03-25 00:49:06 WARNING     Location: Architecture class SRAM attributes"network_fill"
2024-03-25 00:49:06 WARNING     Problem encountered: NameError: Name 'simple_network' is not defined.
2024-03-25 00:49:06 WARNING     Available bindings: 
2024-03-25 00:49:06 WARNING     	entries = 1024
2024-03-25 00:49:06 WARNING     	depth = 1024
2024-03-25 00:49:06 WARNING     	width = 8
2024-03-25 00:49:06 WARNING     	word-bits = 8
2024-03-25 00:49:06 WARNING     	instances = 1
2024-03-25 00:49:06 WARNING     	n_rdwr_ports = 1
2024-03-25 00:49:06 WARNING     	n_banks = 1
2024-03-25 00:49:06 WARNING     	block-size = 1
2024-03-25 00:49:06 WARNING     	network_read = free_network
2024-03-25 00:49:06 WARNING     	network_update = free_network
2024-03-25 00:49:06 WARNING     Failed to evaluate: simple_network
2024-03-25 00:49:06 WARNING     Location: Architecture class SRAM attributes"network_fill"
2024-03-25 00:49:06 WARNING     Problem encountered: NameError: Name 'simple_network' is not defined.
2024-03-25 00:49:06 WARNING     Please ensure that the expression used is a valid Python expression.
2024-03-25 00:49:06 WARNING     The following may have been used in the expression:
2024-03-25 00:49:06 WARNING     	simple_network = UNDEFINED
2024-03-25 00:49:06 WARNING     Strings are allowed here. If you meant to enter a string, please wrap the
2024-03-25 00:49:06 WARNING     expression in single or double quotes:
2024-03-25 00:49:06 WARNING         Found expression: simple_network
2024-03-25 00:49:06 WARNING         Expression as valid string: "simple_network"
2024-03-25 00:49:06 WARNING     Expression will be treated as a string. This will be deprecated in version
2024-03-25 00:49:06 WARNING     0.4. Please wrap quotes around the expression to specify a string.
2024-03-25 00:49:06 WARNING     Evaluation of "simple_network" failed.
2024-03-25 00:49:06 WARNING     Failed to evaluate: simple_network
2024-03-25 00:49:06 WARNING     Location: Architecture class SRAM attributes"network_drain"
2024-03-25 00:49:06 WARNING     Problem encountered: NameError: Name 'simple_network' is not defined.
2024-03-25 00:49:06 WARNING     Available bindings: 
2024-03-25 00:49:06 WARNING     	entries = 1024
2024-03-25 00:49:06 WARNING     	depth = 1024
2024-03-25 00:49:06 WARNING     	width = 8
2024-03-25 00:49:06 WARNING     	word-bits = 8
2024-03-25 00:49:06 WARNING     	instances = 1
2024-03-25 00:49:06 WARNING     	n_rdwr_ports = 1
2024-03-25 00:49:06 WARNING     	n_banks = 1
2024-03-25 00:49:06 WARNING     	block-size = 1
2024-03-25 00:49:06 WARNING     	network_read = free_network
2024-03-25 00:49:06 WARNING     	network_update = free_network
2024-03-25 00:49:06 WARNING     	network_fill = simple_network
2024-03-25 00:49:06 WARNING     Failed to evaluate: simple_network
2024-03-25 00:49:06 WARNING     Location: Architecture class SRAM attributes"network_drain"
2024-03-25 00:49:06 WARNING     Problem encountered: NameError: Name 'simple_network' is not defined.
2024-03-25 00:49:06 WARNING     Please ensure that the expression used is a valid Python expression.
2024-03-25 00:49:06 WARNING     The following may have been used in the expression:
2024-03-25 00:49:06 WARNING     	simple_network = UNDEFINED
2024-03-25 00:49:06 WARNING     Strings are allowed here. If you meant to enter a string, please wrap the
2024-03-25 00:49:06 WARNING     expression in single or double quotes:
2024-03-25 00:49:06 WARNING         Found expression: simple_network
2024-03-25 00:49:06 WARNING         Expression as valid string: "simple_network"
2024-03-25 00:49:06 WARNING     Expression will be treated as a string. This will be deprecated in version
2024-03-25 00:49:06 WARNING     0.4. Please wrap quotes around the expression to specify a string.
2024-03-25 00:49:06 WARNING     Evaluation of "1:N" failed.
2024-03-25 00:49:06 WARNING     Failed to evaluate: 1:N
2024-03-25 00:49:06 WARNING     Location: Architecture class Legacy attributes"network_type"
2024-03-25 00:49:06 WARNING     Problem encountered: SyntaxError: invalid syntax (<string>, line 1)
2024-03-25 00:49:06 WARNING     Available bindings: 
2024-03-25 00:49:06 WARNING     Failed to evaluate: 1:N
2024-03-25 00:49:06 WARNING     Location: Architecture class Legacy attributes"network_type"
2024-03-25 00:49:06 WARNING     Problem encountered: SyntaxError: invalid syntax (<string>, line 1)
2024-03-25 00:49:06 WARNING     Please ensure that the expression used is a valid Python expression.
2024-03-25 00:49:06 WARNING     The following may have been used in the expression:
2024-03-25 00:49:06 WARNING     	N = UNDEFINED
2024-03-25 00:49:06 WARNING     Strings are allowed here. If you meant to enter a string, please wrap the
2024-03-25 00:49:06 WARNING     expression in single or double quotes:
2024-03-25 00:49:06 WARNING         Found expression: 1:N
2024-03-25 00:49:06 WARNING         Expression as valid string: "1:N"
2024-03-25 00:49:06 WARNING     Expression will be treated as a string. This will be deprecated in version
2024-03-25 00:49:06 WARNING     0.4. Please wrap quotes around the expression to specify a string.
2024-03-25 00:49:06 WARNING     Evaluation of "1:1" failed.
2024-03-25 00:49:06 WARNING     Failed to evaluate: 1:1
2024-03-25 00:49:06 WARNING     Location: Architecture class Legacy attributes"network_type"
2024-03-25 00:49:06 WARNING     Problem encountered: SyntaxError: invalid syntax (<string>, line 1)
2024-03-25 00:49:06 WARNING     Available bindings: 
2024-03-25 00:49:06 WARNING     Failed to evaluate: 1:1
2024-03-25 00:49:06 WARNING     Location: Architecture class Legacy attributes"network_type"
2024-03-25 00:49:06 WARNING     Problem encountered: SyntaxError: invalid syntax (<string>, line 1)
2024-03-25 00:49:06 WARNING     Please ensure that the expression used is a valid Python expression.
2024-03-25 00:49:06 WARNING     Strings are allowed here. If you meant to enter a string, please wrap the
2024-03-25 00:49:06 WARNING     expression in single or double quotes:
2024-03-25 00:49:06 WARNING         Found expression: 1:1
2024-03-25 00:49:06 WARNING         Expression as valid string: "1:1"
2024-03-25 00:49:06 WARNING     Expression will be treated as a string. This will be deprecated in version
2024-03-25 00:49:06 WARNING     0.4. Please wrap quotes around the expression to specify a string.
2024-03-25 00:49:06 INFO        Calculated index range expression as "n_banks" = 1.
2024-03-25 00:49:06 INFO        Calculated index range expression as "n_banks" = 1.
2024-03-25 00:49:06 INFO        Calculated index range expression as "n_banks" = 1.
2024-03-25 00:49:06 INFO        Calculated index range expression as "n_banks" = 1.
2024-03-25 00:49:06 INFO        Calculated index range expression as "n_banks" = 1.
2024-03-25 00:49:06 INFO        Calculated index range expression as "n_banks" = 1.
2024-03-25 00:49:06 INFO        Calculated index range expression as "n_banks" = 4.
2024-03-25 00:49:06 INFO        Calculated index range expression as "n_banks" = 4.
2024-03-25 00:49:06 INFO        Estimator plug-in identified by: /usr/local/share/accelergy/estimation_plug_ins/accelergy-library-plugin/library.estimator.yaml
2024-03-25 00:49:06 INFO        Estimator plug-in identified by: /usr/local/share/accelergy/estimation_plug_ins/accelergy-adc-plug-in/adc.estimator.yaml
2024-03-25 00:49:06 INFO        Estimator plug-in identified by: /usr/local/share/accelergy/estimation_plug_ins/dummy_tables/dummy.estimator.yaml
2024-03-25 00:49:06 INFO        Estimator plug-in identified by: /usr/local/share/accelergy/estimation_plug_ins/accelergy-cacti-plug-in/cacti.estimator.yaml
2024-03-25 00:49:06 INFO        Estimator plug-in identified by: /usr/local/share/accelergy/estimation_plug_ins/accelergy-neurosim-plugin/neurosim.estimator.yaml
2024-03-25 00:49:06 INFO        Estimator plug-in identified by: /usr/local/share/accelergy/estimation_plug_ins/accelergy-aladdin-plug-in/aladdin.estimator.yaml
2024-03-25 00:49:06 INFO        Estimator plug-in identified by: /usr/local/share/accelergy/estimation_plug_ins/accelergy-table-based-plug-ins/table.estimator.yaml
2024-03-25 00:49:06 INFO        Found estimator plug-in: Library (<LibraryEstimator.LibraryEstimator object at 0x7f06d3922b00>)
2024-03-25 00:49:06 INFO        Found estimator plug-in: ADC Plug-In (<ADCEstimator.ADCEstimator object at 0x7f06d3923f70>)
2024-03-25 00:49:06 INFO        Found estimator plug-in: dummy_table (<DummyTable.DummyTable object at 0x7f06d37a4730>)
2024-03-25 00:49:06 INFO        Found estimator plug-in: CACTI (<CactiWrapper.CactiWrapper object at 0x7f06d3923370>)
2024-03-25 00:49:06 INFO        Found estimator plug-in: Neurosim Plug-In (<NeuroWrapper.NeuroWrapper object at 0x7f06d3a24580>)
2024-03-25 00:49:06 INFO        Found estimator plug-in: Aladdin_table (<AladdinTable.AladdinTable object at 0x7f06d3825db0>)
2024-03-25 00:49:06 INFO        Found estimator plug-in: table-based-plug-ins (<SetsOfTables.SetsOfTables object at 0x7f06d3827df0>)
2024-03-25 00:49:06 INFO        
2024-03-25 00:49:06 INFO        ENERGY ESTIMATION for intmac(word-bits=8, meshX=32, meshY=32, network_operand=free_network, network_result=free_network, global_cycle_seconds=1e-09, technology=40nm, datawidth=16, num_pipeline_stages=2, latency=5ns).mac_random(global_cycle_seconds=1e-09)
2024-03-25 00:49:06 INFO        dummy_table estimated 1p with accuracy 1%. 
2024-03-25 00:49:06 INFO        Plug-ins provided accuracy, but failed to estimate:
2024-03-25 00:49:06 INFO        | Aladdin_table with accuracy 70% estimating value: KeyError: 'action_latency_cycles'
2024-03-25 00:49:06 INFO        
2024-03-25 00:49:06 INFO        ENERGY ESTIMATION for intmac(word-bits=8, meshX=32, meshY=32, network_operand=free_network, network_result=free_network, global_cycle_seconds=1e-09, technology=40nm, datawidth=16, num_pipeline_stages=2, latency=5ns).mac_reused(global_cycle_seconds=1e-09)
2024-03-25 00:49:06 INFO        dummy_table estimated 1p with accuracy 1%. 
2024-03-25 00:49:06 INFO        Plug-ins provided accuracy, but failed to estimate:
2024-03-25 00:49:06 INFO        | Aladdin_table with accuracy 70% estimating value: KeyError: 'action_latency_cycles'
2024-03-25 00:49:06 INFO        
2024-03-25 00:49:06 INFO        ENERGY ESTIMATION for intmac(word-bits=8, meshX=32, meshY=32, network_operand=free_network, network_result=free_network, global_cycle_seconds=1e-09, technology=40nm, datawidth=16, num_pipeline_stages=2, latency=5ns).mac_gated(global_cycle_seconds=1e-09)
2024-03-25 00:49:06 INFO        dummy_table estimated 1p with accuracy 1%. 
2024-03-25 00:49:06 INFO        Plug-ins provided accuracy, but failed to estimate:
2024-03-25 00:49:06 INFO        | Aladdin_table with accuracy 70% estimating value: KeyError: 'action_latency_cycles'
2024-03-25 00:49:06 INFO        
2024-03-25 00:49:06 INFO        ENERGY ESTIMATION for intmac(word-bits=8, meshX=32, meshY=32, network_operand=free_network, network_result=free_network, global_cycle_seconds=1e-09, technology=40nm, datawidth=16, num_pipeline_stages=2, latency=5ns).idle(global_cycle_seconds=1e-09)
2024-03-25 00:49:06 INFO        dummy_table estimated 1p with accuracy 1%. 
2024-03-25 00:49:06 INFO        Plug-ins provided accuracy, but failed to estimate:
2024-03-25 00:49:06 INFO        | Aladdin_table with accuracy 70% estimating value: KeyError: 'action_latency_cycles'
2024-03-25 00:49:06 INFO        
2024-03-25 00:49:06 INFO        ENERGY ESTIMATION for SRAM(entries=32, depth=1, width=256, instances=1, word-bits=8, n_rdwr_ports=1, n_banks=1, block-size=32, network_read=simple_network, network_update=simple_network, global_cycle_seconds=1e-09, technology=40nm, n_rd_ports=0, n_wr_ports=0, latency=5ns).read(data_delta=0, address_delta=0, global_cycle_seconds=1e-09)
2024-03-25 00:49:06 INFO        CACTI estimated 0.0p with accuracy 70%. 
2024-03-25 00:49:06 INFO        
2024-03-25 00:49:06 INFO        ENERGY ESTIMATION for SRAM(entries=32, depth=1, width=256, instances=1, word-bits=8, n_rdwr_ports=1, n_banks=1, block-size=32, network_read=simple_network, network_update=simple_network, global_cycle_seconds=1e-09, technology=40nm, n_rd_ports=0, n_wr_ports=0, latency=5ns).read(data_delta=1, address_delta=0, global_cycle_seconds=1e-09)
2024-03-25 00:49:06 INFO        CACTI estimated 5.384112999999999p with accuracy 70%. 
2024-03-25 00:49:06 INFO        
2024-03-25 00:49:06 INFO        ENERGY ESTIMATION for SRAM(entries=32, depth=1, width=256, instances=1, word-bits=8, n_rdwr_ports=1, n_banks=1, block-size=32, network_read=simple_network, network_update=simple_network, global_cycle_seconds=1e-09, technology=40nm, n_rd_ports=0, n_wr_ports=0, latency=5ns).read(data_delta=0, address_delta=1, global_cycle_seconds=1e-09)
2024-03-25 00:49:06 INFO        CACTI estimated 2.307477p with accuracy 70%. 
2024-03-25 00:49:06 INFO        
2024-03-25 00:49:06 INFO        ENERGY ESTIMATION for SRAM(entries=32, depth=1, width=256, instances=1, word-bits=8, n_rdwr_ports=1, n_banks=1, block-size=32, network_read=simple_network, network_update=simple_network, global_cycle_seconds=1e-09, technology=40nm, n_rd_ports=0, n_wr_ports=0, latency=5ns).read(data_delta=1, address_delta=1, global_cycle_seconds=1e-09)
2024-03-25 00:49:06 INFO        CACTI estimated 7.69159p with accuracy 70%. 
2024-03-25 00:49:06 INFO        
2024-03-25 00:49:06 INFO        ENERGY ESTIMATION for SRAM(entries=32, depth=1, width=256, instances=1, word-bits=8, n_rdwr_ports=1, n_banks=1, block-size=32, network_read=simple_network, network_update=simple_network, global_cycle_seconds=1e-09, technology=40nm, n_rd_ports=0, n_wr_ports=0, latency=5ns).write(data_delta=0, address_delta=0, global_cycle_seconds=1e-09)
2024-03-25 00:49:06 INFO        CACTI estimated 0.0p with accuracy 70%. 
2024-03-25 00:49:06 INFO        
2024-03-25 00:49:06 INFO        ENERGY ESTIMATION for SRAM(entries=32, depth=1, width=256, instances=1, word-bits=8, n_rdwr_ports=1, n_banks=1, block-size=32, network_read=simple_network, network_update=simple_network, global_cycle_seconds=1e-09, technology=40nm, n_rd_ports=0, n_wr_ports=0, latency=5ns).write(data_delta=1, address_delta=0, global_cycle_seconds=1e-09)
2024-03-25 00:49:06 INFO        CACTI estimated 7.34657p with accuracy 70%. 
2024-03-25 00:49:06 INFO        
2024-03-25 00:49:06 INFO        ENERGY ESTIMATION for SRAM(entries=32, depth=1, width=256, instances=1, word-bits=8, n_rdwr_ports=1, n_banks=1, block-size=32, network_read=simple_network, network_update=simple_network, global_cycle_seconds=1e-09, technology=40nm, n_rd_ports=0, n_wr_ports=0, latency=5ns).write(data_delta=0, address_delta=1, global_cycle_seconds=1e-09)
2024-03-25 00:49:06 INFO        CACTI estimated 3.14853p with accuracy 70%. 
2024-03-25 00:49:06 INFO        
2024-03-25 00:49:06 INFO        ENERGY ESTIMATION for SRAM(entries=32, depth=1, width=256, instances=1, word-bits=8, n_rdwr_ports=1, n_banks=1, block-size=32, network_read=simple_network, network_update=simple_network, global_cycle_seconds=1e-09, technology=40nm, n_rd_ports=0, n_wr_ports=0, latency=5ns).write(data_delta=1, address_delta=1, global_cycle_seconds=1e-09)
2024-03-25 00:49:06 INFO        CACTI estimated 10.4951p with accuracy 70%. 
2024-03-25 00:49:06 INFO        
2024-03-25 00:49:06 INFO        ENERGY ESTIMATION for SRAM(entries=32, depth=1, width=256, instances=1, word-bits=8, n_rdwr_ports=1, n_banks=1, block-size=32, network_read=simple_network, network_update=simple_network, global_cycle_seconds=1e-09, technology=40nm, n_rd_ports=0, n_wr_ports=0, latency=5ns).idle(global_cycle_seconds=1e-09)
2024-03-25 00:49:06 INFO        CACTI estimated 0p with accuracy 100%. 
2024-03-25 00:49:06 INFO        
2024-03-25 00:49:06 INFO        ENERGY ESTIMATION for SRAM(entries=32, depth=1, width=256, instances=1, word-bits=8, n_rdwr_ports=1, n_banks=1, block-size=32, network_read=simple_network, network_update=simple_network, network_fill=simple_network, network_drain=simple_network, global_cycle_seconds=1e-09, technology=40nm, n_rd_ports=0, n_wr_ports=0, latency=5ns).read(data_delta=0, address_delta=0, global_cycle_seconds=1e-09)
2024-03-25 00:49:06 INFO        CACTI estimated 0.0p with accuracy 70%. 
2024-03-25 00:49:06 INFO        
2024-03-25 00:49:06 INFO        ENERGY ESTIMATION for SRAM(entries=32, depth=1, width=256, instances=1, word-bits=8, n_rdwr_ports=1, n_banks=1, block-size=32, network_read=simple_network, network_update=simple_network, network_fill=simple_network, network_drain=simple_network, global_cycle_seconds=1e-09, technology=40nm, n_rd_ports=0, n_wr_ports=0, latency=5ns).read(data_delta=1, address_delta=0, global_cycle_seconds=1e-09)
2024-03-25 00:49:06 INFO        CACTI estimated 5.384112999999999p with accuracy 70%. 
2024-03-25 00:49:06 INFO        
2024-03-25 00:49:06 INFO        ENERGY ESTIMATION for SRAM(entries=32, depth=1, width=256, instances=1, word-bits=8, n_rdwr_ports=1, n_banks=1, block-size=32, network_read=simple_network, network_update=simple_network, network_fill=simple_network, network_drain=simple_network, global_cycle_seconds=1e-09, technology=40nm, n_rd_ports=0, n_wr_ports=0, latency=5ns).read(data_delta=0, address_delta=1, global_cycle_seconds=1e-09)
2024-03-25 00:49:06 INFO        CACTI estimated 2.307477p with accuracy 70%. 
2024-03-25 00:49:06 INFO        
2024-03-25 00:49:06 INFO        ENERGY ESTIMATION for SRAM(entries=32, depth=1, width=256, instances=1, word-bits=8, n_rdwr_ports=1, n_banks=1, block-size=32, network_read=simple_network, network_update=simple_network, network_fill=simple_network, network_drain=simple_network, global_cycle_seconds=1e-09, technology=40nm, n_rd_ports=0, n_wr_ports=0, latency=5ns).read(data_delta=1, address_delta=1, global_cycle_seconds=1e-09)
2024-03-25 00:49:06 INFO        CACTI estimated 7.69159p with accuracy 70%. 
2024-03-25 00:49:06 INFO        
2024-03-25 00:49:06 INFO        ENERGY ESTIMATION for SRAM(entries=32, depth=1, width=256, instances=1, word-bits=8, n_rdwr_ports=1, n_banks=1, block-size=32, network_read=simple_network, network_update=simple_network, network_fill=simple_network, network_drain=simple_network, global_cycle_seconds=1e-09, technology=40nm, n_rd_ports=0, n_wr_ports=0, latency=5ns).write(data_delta=0, address_delta=0, global_cycle_seconds=1e-09)
2024-03-25 00:49:06 INFO        CACTI estimated 0.0p with accuracy 70%. 
2024-03-25 00:49:06 INFO        
2024-03-25 00:49:06 INFO        ENERGY ESTIMATION for SRAM(entries=32, depth=1, width=256, instances=1, word-bits=8, n_rdwr_ports=1, n_banks=1, block-size=32, network_read=simple_network, network_update=simple_network, network_fill=simple_network, network_drain=simple_network, global_cycle_seconds=1e-09, technology=40nm, n_rd_ports=0, n_wr_ports=0, latency=5ns).write(data_delta=1, address_delta=0, global_cycle_seconds=1e-09)
2024-03-25 00:49:06 INFO        CACTI estimated 7.34657p with accuracy 70%. 
2024-03-25 00:49:06 INFO        
2024-03-25 00:49:06 INFO        ENERGY ESTIMATION for SRAM(entries=32, depth=1, width=256, instances=1, word-bits=8, n_rdwr_ports=1, n_banks=1, block-size=32, network_read=simple_network, network_update=simple_network, network_fill=simple_network, network_drain=simple_network, global_cycle_seconds=1e-09, technology=40nm, n_rd_ports=0, n_wr_ports=0, latency=5ns).write(data_delta=0, address_delta=1, global_cycle_seconds=1e-09)
2024-03-25 00:49:06 INFO        CACTI estimated 3.14853p with accuracy 70%. 
2024-03-25 00:49:06 INFO        
2024-03-25 00:49:06 INFO        ENERGY ESTIMATION for SRAM(entries=32, depth=1, width=256, instances=1, word-bits=8, n_rdwr_ports=1, n_banks=1, block-size=32, network_read=simple_network, network_update=simple_network, network_fill=simple_network, network_drain=simple_network, global_cycle_seconds=1e-09, technology=40nm, n_rd_ports=0, n_wr_ports=0, latency=5ns).write(data_delta=1, address_delta=1, global_cycle_seconds=1e-09)
2024-03-25 00:49:06 INFO        CACTI estimated 10.4951p with accuracy 70%. 
2024-03-25 00:49:06 INFO        
2024-03-25 00:49:06 INFO        ENERGY ESTIMATION for SRAM(entries=32, depth=1, width=256, instances=1, word-bits=8, n_rdwr_ports=1, n_banks=1, block-size=32, network_read=simple_network, network_update=simple_network, network_fill=simple_network, network_drain=simple_network, global_cycle_seconds=1e-09, technology=40nm, n_rd_ports=0, n_wr_ports=0, latency=5ns).idle(global_cycle_seconds=1e-09)
2024-03-25 00:49:06 INFO        CACTI estimated 0p with accuracy 100%. 
2024-03-25 00:49:06 INFO        
2024-03-25 00:49:06 INFO        ENERGY ESTIMATION for SRAM(entries=1024, depth=1024, width=8, word-bits=8, instances=1, n_rdwr_ports=1, n_banks=1, block-size=1, network_read=free_network, network_update=free_network, network_fill=simple_network, network_drain=simple_network, global_cycle_seconds=1e-09, technology=40nm, n_rd_ports=0, n_wr_ports=0, latency=5ns).read(data_delta=0, address_delta=0, global_cycle_seconds=1e-09)
2024-03-25 00:49:06 INFO        CACTI estimated 0.0p with accuracy 70%. 
2024-03-25 00:49:06 INFO        
2024-03-25 00:49:06 INFO        ENERGY ESTIMATION for SRAM(entries=1024, depth=1024, width=8, word-bits=8, instances=1, n_rdwr_ports=1, n_banks=1, block-size=1, network_read=free_network, network_update=free_network, network_fill=simple_network, network_drain=simple_network, global_cycle_seconds=1e-09, technology=40nm, n_rd_ports=0, n_wr_ports=0, latency=5ns).read(data_delta=1, address_delta=0, global_cycle_seconds=1e-09)
2024-03-25 00:49:06 INFO        CACTI estimated 0.6014624p with accuracy 70%. 
2024-03-25 00:49:06 INFO        
2024-03-25 00:49:06 INFO        ENERGY ESTIMATION for SRAM(entries=1024, depth=1024, width=8, word-bits=8, instances=1, n_rdwr_ports=1, n_banks=1, block-size=1, network_read=free_network, network_update=free_network, network_fill=simple_network, network_drain=simple_network, global_cycle_seconds=1e-09, technology=40nm, n_rd_ports=0, n_wr_ports=0, latency=5ns).read(data_delta=0, address_delta=1, global_cycle_seconds=1e-09)
2024-03-25 00:49:06 INFO        CACTI estimated 0.2577696p with accuracy 70%. 
2024-03-25 00:49:06 INFO        
2024-03-25 00:49:06 INFO        ENERGY ESTIMATION for SRAM(entries=1024, depth=1024, width=8, word-bits=8, instances=1, n_rdwr_ports=1, n_banks=1, block-size=1, network_read=free_network, network_update=free_network, network_fill=simple_network, network_drain=simple_network, global_cycle_seconds=1e-09, technology=40nm, n_rd_ports=0, n_wr_ports=0, latency=5ns).read(data_delta=1, address_delta=1, global_cycle_seconds=1e-09)
2024-03-25 00:49:06 INFO        CACTI estimated 0.859232p with accuracy 70%. 
2024-03-25 00:49:06 INFO        
2024-03-25 00:49:06 INFO        ENERGY ESTIMATION for SRAM(entries=1024, depth=1024, width=8, word-bits=8, instances=1, n_rdwr_ports=1, n_banks=1, block-size=1, network_read=free_network, network_update=free_network, network_fill=simple_network, network_drain=simple_network, global_cycle_seconds=1e-09, technology=40nm, n_rd_ports=0, n_wr_ports=0, latency=5ns).write(data_delta=0, address_delta=0, global_cycle_seconds=1e-09)
2024-03-25 00:49:06 INFO        CACTI estimated 0.0p with accuracy 70%. 
2024-03-25 00:49:06 INFO        
2024-03-25 00:49:06 INFO        ENERGY ESTIMATION for SRAM(entries=1024, depth=1024, width=8, word-bits=8, instances=1, n_rdwr_ports=1, n_banks=1, block-size=1, network_read=free_network, network_update=free_network, network_fill=simple_network, network_drain=simple_network, global_cycle_seconds=1e-09, technology=40nm, n_rd_ports=0, n_wr_ports=0, latency=5ns).write(data_delta=1, address_delta=0, global_cycle_seconds=1e-09)
2024-03-25 00:49:06 INFO        CACTI estimated 0.555982p with accuracy 70%. 
2024-03-25 00:49:06 INFO        
2024-03-25 00:49:06 INFO        ENERGY ESTIMATION for SRAM(entries=1024, depth=1024, width=8, word-bits=8, instances=1, n_rdwr_ports=1, n_banks=1, block-size=1, network_read=free_network, network_update=free_network, network_fill=simple_network, network_drain=simple_network, global_cycle_seconds=1e-09, technology=40nm, n_rd_ports=0, n_wr_ports=0, latency=5ns).write(data_delta=0, address_delta=1, global_cycle_seconds=1e-09)
2024-03-25 00:49:06 INFO        CACTI estimated 0.238278p with accuracy 70%. 
2024-03-25 00:49:06 INFO        
2024-03-25 00:49:06 INFO        ENERGY ESTIMATION for SRAM(entries=1024, depth=1024, width=8, word-bits=8, instances=1, n_rdwr_ports=1, n_banks=1, block-size=1, network_read=free_network, network_update=free_network, network_fill=simple_network, network_drain=simple_network, global_cycle_seconds=1e-09, technology=40nm, n_rd_ports=0, n_wr_ports=0, latency=5ns).write(data_delta=1, address_delta=1, global_cycle_seconds=1e-09)
2024-03-25 00:49:06 INFO        CACTI estimated 0.79426p with accuracy 70%. 
2024-03-25 00:49:06 INFO        
2024-03-25 00:49:06 INFO        ENERGY ESTIMATION for SRAM(entries=1024, depth=1024, width=8, word-bits=8, instances=1, n_rdwr_ports=1, n_banks=1, block-size=1, network_read=free_network, network_update=free_network, network_fill=simple_network, network_drain=simple_network, global_cycle_seconds=1e-09, technology=40nm, n_rd_ports=0, n_wr_ports=0, latency=5ns).idle(global_cycle_seconds=1e-09)
2024-03-25 00:49:06 INFO        CACTI estimated 0p with accuracy 100%. 
2024-03-25 00:49:06 INFO        
2024-03-25 00:49:06 INFO        ENERGY ESTIMATION for SRAM(entries=262144, depth=16384, width=128, instances=1, word-bits=8, n_rdwr_ports=2, n_banks=4, block-size=16, global_cycle_seconds=1e-09, technology=40nm, n_rd_ports=0, n_wr_ports=0, latency=5ns).read(data_delta=0, address_delta=0, global_cycle_seconds=1e-09)
2024-03-25 00:49:06 INFO        CACTI estimated 0.0p with accuracy 70%. 
2024-03-25 00:49:06 INFO        
2024-03-25 00:49:06 INFO        ENERGY ESTIMATION for SRAM(entries=262144, depth=16384, width=128, instances=1, word-bits=8, n_rdwr_ports=2, n_banks=4, block-size=16, global_cycle_seconds=1e-09, technology=40nm, n_rd_ports=0, n_wr_ports=0, latency=5ns).read(data_delta=1, address_delta=0, global_cycle_seconds=1e-09)
2024-03-25 00:49:06 INFO        CACTI estimated 94.92139999999999p with accuracy 70%. 
2024-03-25 00:49:06 INFO        
2024-03-25 00:49:06 INFO        ENERGY ESTIMATION for SRAM(entries=262144, depth=16384, width=128, instances=1, word-bits=8, n_rdwr_ports=2, n_banks=4, block-size=16, global_cycle_seconds=1e-09, technology=40nm, n_rd_ports=0, n_wr_ports=0, latency=5ns).read(data_delta=0, address_delta=1, global_cycle_seconds=1e-09)
2024-03-25 00:49:06 INFO        CACTI estimated 10.17015p with accuracy 70%. 
2024-03-25 00:49:06 INFO        
2024-03-25 00:49:06 INFO        ENERGY ESTIMATION for SRAM(entries=262144, depth=16384, width=128, instances=1, word-bits=8, n_rdwr_ports=2, n_banks=4, block-size=16, global_cycle_seconds=1e-09, technology=40nm, n_rd_ports=0, n_wr_ports=0, latency=5ns).read(data_delta=1, address_delta=1, global_cycle_seconds=1e-09)
2024-03-25 00:49:06 INFO        CACTI estimated 105.09155p with accuracy 70%. 
2024-03-25 00:49:06 INFO        
2024-03-25 00:49:06 INFO        ENERGY ESTIMATION for SRAM(entries=262144, depth=16384, width=128, instances=1, word-bits=8, n_rdwr_ports=2, n_banks=4, block-size=16, global_cycle_seconds=1e-09, technology=40nm, n_rd_ports=0, n_wr_ports=0, latency=5ns).read(data_delta=0, address_delta=2, global_cycle_seconds=1e-09)
2024-03-25 00:49:06 INFO        CACTI estimated 20.3403p with accuracy 70%. 
2024-03-25 00:49:06 INFO        
2024-03-25 00:49:06 INFO        ENERGY ESTIMATION for SRAM(entries=262144, depth=16384, width=128, instances=1, word-bits=8, n_rdwr_ports=2, n_banks=4, block-size=16, global_cycle_seconds=1e-09, technology=40nm, n_rd_ports=0, n_wr_ports=0, latency=5ns).read(data_delta=1, address_delta=2, global_cycle_seconds=1e-09)
2024-03-25 00:49:06 INFO        CACTI estimated 115.2617p with accuracy 70%. 
2024-03-25 00:49:06 INFO        
2024-03-25 00:49:06 INFO        ENERGY ESTIMATION for SRAM(entries=262144, depth=16384, width=128, instances=1, word-bits=8, n_rdwr_ports=2, n_banks=4, block-size=16, global_cycle_seconds=1e-09, technology=40nm, n_rd_ports=0, n_wr_ports=0, latency=5ns).read(data_delta=0, address_delta=3, global_cycle_seconds=1e-09)
2024-03-25 00:49:06 INFO        CACTI estimated 30.51045p with accuracy 70%. 
2024-03-25 00:49:06 INFO        
2024-03-25 00:49:06 INFO        ENERGY ESTIMATION for SRAM(entries=262144, depth=16384, width=128, instances=1, word-bits=8, n_rdwr_ports=2, n_banks=4, block-size=16, global_cycle_seconds=1e-09, technology=40nm, n_rd_ports=0, n_wr_ports=0, latency=5ns).read(data_delta=1, address_delta=3, global_cycle_seconds=1e-09)
2024-03-25 00:49:06 INFO        CACTI estimated 125.43185p with accuracy 70%. 
2024-03-25 00:49:06 INFO        
2024-03-25 00:49:06 INFO        ENERGY ESTIMATION for SRAM(entries=262144, depth=16384, width=128, instances=1, word-bits=8, n_rdwr_ports=2, n_banks=4, block-size=16, global_cycle_seconds=1e-09, technology=40nm, n_rd_ports=0, n_wr_ports=0, latency=5ns).read(data_delta=0, address_delta=4, global_cycle_seconds=1e-09)
2024-03-25 00:49:06 INFO        CACTI estimated 40.6806p with accuracy 70%. 
2024-03-25 00:49:06 INFO        
2024-03-25 00:49:06 INFO        ENERGY ESTIMATION for SRAM(entries=262144, depth=16384, width=128, instances=1, word-bits=8, n_rdwr_ports=2, n_banks=4, block-size=16, global_cycle_seconds=1e-09, technology=40nm, n_rd_ports=0, n_wr_ports=0, latency=5ns).read(data_delta=1, address_delta=4, global_cycle_seconds=1e-09)
2024-03-25 00:49:06 INFO        CACTI estimated 135.602p with accuracy 70%. 
2024-03-25 00:49:06 INFO        
2024-03-25 00:49:06 INFO        ENERGY ESTIMATION for SRAM(entries=262144, depth=16384, width=128, instances=1, word-bits=8, n_rdwr_ports=2, n_banks=4, block-size=16, global_cycle_seconds=1e-09, technology=40nm, n_rd_ports=0, n_wr_ports=0, latency=5ns).write(data_delta=0, address_delta=0, global_cycle_seconds=1e-09)
2024-03-25 00:49:06 INFO        CACTI estimated 0.0p with accuracy 70%. 
2024-03-25 00:49:06 INFO        
2024-03-25 00:49:06 INFO        ENERGY ESTIMATION for SRAM(entries=262144, depth=16384, width=128, instances=1, word-bits=8, n_rdwr_ports=2, n_banks=4, block-size=16, global_cycle_seconds=1e-09, technology=40nm, n_rd_ports=0, n_wr_ports=0, latency=5ns).write(data_delta=1, address_delta=0, global_cycle_seconds=1e-09)
2024-03-25 00:49:06 INFO        CACTI estimated 92.071p with accuracy 70%. 
2024-03-25 00:49:06 INFO        
2024-03-25 00:49:06 INFO        ENERGY ESTIMATION for SRAM(entries=262144, depth=16384, width=128, instances=1, word-bits=8, n_rdwr_ports=2, n_banks=4, block-size=16, global_cycle_seconds=1e-09, technology=40nm, n_rd_ports=0, n_wr_ports=0, latency=5ns).write(data_delta=0, address_delta=1, global_cycle_seconds=1e-09)
2024-03-25 00:49:06 INFO        CACTI estimated 9.864749999999999p with accuracy 70%. 
2024-03-25 00:49:06 INFO        
2024-03-25 00:49:06 INFO        ENERGY ESTIMATION for SRAM(entries=262144, depth=16384, width=128, instances=1, word-bits=8, n_rdwr_ports=2, n_banks=4, block-size=16, global_cycle_seconds=1e-09, technology=40nm, n_rd_ports=0, n_wr_ports=0, latency=5ns).write(data_delta=1, address_delta=1, global_cycle_seconds=1e-09)
2024-03-25 00:49:06 INFO        CACTI estimated 101.93574999999998p with accuracy 70%. 
2024-03-25 00:49:06 INFO        
2024-03-25 00:49:06 INFO        ENERGY ESTIMATION for SRAM(entries=262144, depth=16384, width=128, instances=1, word-bits=8, n_rdwr_ports=2, n_banks=4, block-size=16, global_cycle_seconds=1e-09, technology=40nm, n_rd_ports=0, n_wr_ports=0, latency=5ns).write(data_delta=0, address_delta=2, global_cycle_seconds=1e-09)
2024-03-25 00:49:06 INFO        CACTI estimated 19.729499999999998p with accuracy 70%. 
2024-03-25 00:49:06 INFO        
2024-03-25 00:49:06 INFO        ENERGY ESTIMATION for SRAM(entries=262144, depth=16384, width=128, instances=1, word-bits=8, n_rdwr_ports=2, n_banks=4, block-size=16, global_cycle_seconds=1e-09, technology=40nm, n_rd_ports=0, n_wr_ports=0, latency=5ns).write(data_delta=1, address_delta=2, global_cycle_seconds=1e-09)
2024-03-25 00:49:06 INFO        CACTI estimated 111.8005p with accuracy 70%. 
2024-03-25 00:49:06 INFO        
2024-03-25 00:49:06 INFO        ENERGY ESTIMATION for SRAM(entries=262144, depth=16384, width=128, instances=1, word-bits=8, n_rdwr_ports=2, n_banks=4, block-size=16, global_cycle_seconds=1e-09, technology=40nm, n_rd_ports=0, n_wr_ports=0, latency=5ns).write(data_delta=0, address_delta=3, global_cycle_seconds=1e-09)
2024-03-25 00:49:06 INFO        CACTI estimated 29.59425p with accuracy 70%. 
2024-03-25 00:49:06 INFO        
2024-03-25 00:49:06 INFO        ENERGY ESTIMATION for SRAM(entries=262144, depth=16384, width=128, instances=1, word-bits=8, n_rdwr_ports=2, n_banks=4, block-size=16, global_cycle_seconds=1e-09, technology=40nm, n_rd_ports=0, n_wr_ports=0, latency=5ns).write(data_delta=1, address_delta=3, global_cycle_seconds=1e-09)
2024-03-25 00:49:06 INFO        CACTI estimated 121.66524999999999p with accuracy 70%. 
2024-03-25 00:49:06 INFO        
2024-03-25 00:49:06 INFO        ENERGY ESTIMATION for SRAM(entries=262144, depth=16384, width=128, instances=1, word-bits=8, n_rdwr_ports=2, n_banks=4, block-size=16, global_cycle_seconds=1e-09, technology=40nm, n_rd_ports=0, n_wr_ports=0, latency=5ns).write(data_delta=0, address_delta=4, global_cycle_seconds=1e-09)
2024-03-25 00:49:06 INFO        CACTI estimated 39.458999999999996p with accuracy 70%. 
2024-03-25 00:49:06 INFO        
2024-03-25 00:49:06 INFO        ENERGY ESTIMATION for SRAM(entries=262144, depth=16384, width=128, instances=1, word-bits=8, n_rdwr_ports=2, n_banks=4, block-size=16, global_cycle_seconds=1e-09, technology=40nm, n_rd_ports=0, n_wr_ports=0, latency=5ns).write(data_delta=1, address_delta=4, global_cycle_seconds=1e-09)
2024-03-25 00:49:06 INFO        CACTI estimated 131.53p with accuracy 70%. 
2024-03-25 00:49:06 INFO        
2024-03-25 00:49:06 INFO        ENERGY ESTIMATION for SRAM(entries=262144, depth=16384, width=128, instances=1, word-bits=8, n_rdwr_ports=2, n_banks=4, block-size=16, global_cycle_seconds=1e-09, technology=40nm, n_rd_ports=0, n_wr_ports=0, latency=5ns).idle(global_cycle_seconds=1e-09)
2024-03-25 00:49:06 INFO        CACTI estimated 0p with accuracy 100%. 
2024-03-25 00:49:06 INFO        
2024-03-25 00:49:06 INFO        ENERGY ESTIMATION for DRAM(instances=1, word-bits=8, block_size=64, shared_bandwidth=8, global_cycle_seconds=1e-09, technology=65nm, type=LPDDR4, width=64).read(global_cycle_seconds=1e-09)
2024-03-25 00:49:06 INFO        CACTI estimated 512p with accuracy 95%. 
2024-03-25 00:49:06 INFO        
2024-03-25 00:49:06 INFO        ENERGY ESTIMATION for DRAM(instances=1, word-bits=8, block_size=64, shared_bandwidth=8, global_cycle_seconds=1e-09, technology=65nm, type=LPDDR4, width=64).write(global_cycle_seconds=1e-09)
2024-03-25 00:49:06 INFO        CACTI estimated 512p with accuracy 95%. 
2024-03-25 00:49:06 INFO        
2024-03-25 00:49:06 INFO        ENERGY ESTIMATION for DRAM(instances=1, word-bits=8, block_size=64, shared_bandwidth=8, global_cycle_seconds=1e-09, technology=65nm, type=LPDDR4, width=64).idle(global_cycle_seconds=1e-09)
2024-03-25 00:49:06 INFO        CACTI estimated 0p with accuracy 100%. 
2024-03-25 00:49:06 WARNING     No action counts are specified as yaml input
2024-03-25 00:49:06 INFO        
2024-03-25 00:49:06 INFO        AREA ESTIMATION for intmac(word-bits=8, meshX=32, meshY=32, network_operand=free_network, network_result=free_network, global_cycle_seconds=1e-09, technology=40nm, datawidth=16, num_pipeline_stages=2, latency=5ns)
2024-03-25 00:49:06 INFO        Aladdin_table estimated 1239.5u^2 with accuracy 70%. 
2024-03-25 00:49:06 INFO        
2024-03-25 00:49:06 INFO        AREA ESTIMATION for SRAM(entries=32, depth=1, width=256, instances=1, word-bits=8, n_rdwr_ports=1, n_banks=1, block-size=32, network_read=simple_network, network_update=simple_network, global_cycle_seconds=1e-09, technology=40nm, n_rd_ports=0, n_wr_ports=0, latency=5ns)
2024-03-25 00:49:06 INFO        CACTI estimated 10650.0u^2 with accuracy 70%. 
2024-03-25 00:49:06 INFO        
2024-03-25 00:49:06 INFO        AREA ESTIMATION for SRAM(entries=32, depth=1, width=256, instances=1, word-bits=8, n_rdwr_ports=1, n_banks=1, block-size=32, network_read=simple_network, network_update=simple_network, network_fill=simple_network, network_drain=simple_network, global_cycle_seconds=1e-09, technology=40nm, n_rd_ports=0, n_wr_ports=0, latency=5ns)
2024-03-25 00:49:06 INFO        CACTI estimated 10650.0u^2 with accuracy 70%. 
2024-03-25 00:49:06 INFO        
2024-03-25 00:49:06 INFO        AREA ESTIMATION for SRAM(entries=1024, depth=1024, width=8, word-bits=8, instances=1, n_rdwr_ports=1, n_banks=1, block-size=1, network_read=free_network, network_update=free_network, network_fill=simple_network, network_drain=simple_network, global_cycle_seconds=1e-09, technology=40nm, n_rd_ports=0, n_wr_ports=0, latency=5ns)
2024-03-25 00:49:06 INFO        CACTI estimated 2653.64u^2 with accuracy 70%. 
2024-03-25 00:49:06 INFO        
2024-03-25 00:49:06 INFO        AREA ESTIMATION for Legacy(network_type=1:N, datawidth=32, router_energy=0, wire_energy=0, energy_per_hop=0, global_cycle_seconds=1e-09, technology=40nm)
2024-03-25 00:49:06 INFO        dummy_table estimated 1u^2 with accuracy 1%. 
2024-03-25 00:49:06 INFO        
2024-03-25 00:49:06 INFO        AREA ESTIMATION for Legacy(network_type=1:1, datawidth=32, router_energy=1, wire_energy=1, energy_per_hop=1, global_cycle_seconds=1e-09, technology=40nm)
2024-03-25 00:49:06 INFO        dummy_table estimated 1u^2 with accuracy 1%. 
2024-03-25 00:49:06 INFO        
2024-03-25 00:49:06 INFO        AREA ESTIMATION for SRAM(entries=262144, depth=16384, width=128, instances=1, word-bits=8, n_rdwr_ports=2, n_banks=4, block-size=16, global_cycle_seconds=1e-09, technology=40nm, n_rd_ports=0, n_wr_ports=0, latency=5ns)
2024-03-25 00:49:06 INFO        CACTI estimated 1416710.0u^2 with accuracy 70%. 
2024-03-25 00:49:06 INFO        
2024-03-25 00:49:06 INFO        AREA ESTIMATION for DRAM(instances=1, word-bits=8, block_size=64, shared_bandwidth=8, global_cycle_seconds=1e-09, technology=65nm, type=LPDDR4, width=64)
2024-03-25 00:49:06 INFO        CACTI estimated 0u^2 with accuracy 70%. 
2024-03-25 00:49:06 INFO        flattened architecture is saved to:
2024-03-25 00:49:06 INFO        ./outputs_KQV/timeloop-mapper.flattened_architecture.yaml
2024-03-25 00:49:06 INFO        energy reference table is saved to:
2024-03-25 00:49:06 INFO        ./outputs_KQV/timeloop-mapper.ERT.yaml
2024-03-25 00:49:06 INFO        energy reference table summary is saved to:
2024-03-25 00:49:06 INFO        ./outputs_KQV/timeloop-mapper.ERT_summary.yaml
2024-03-25 00:49:06 WARNING     no runtime energy estimations are generated... not generating energy_estimation.yaml
2024-03-25 00:49:06 INFO        area reference table is saved to:
2024-03-25 00:49:06 INFO        ./outputs_KQV/timeloop-mapper.ART.yaml
2024-03-25 00:49:06 INFO        area reference table summary is saved to:
2024-03-25 00:49:06 INFO        ./outputs_KQV/timeloop-mapper.ART_summary.yaml
